TN:
SF:src\App.tsx
FN:15,AppContent
FN:52,App
FNF:2
FNH:2
FNDA:4,AppContent
FNDA:4,App
LF:0
LH:0
BRF:0
BRH:0
end_of_record
TN:
SF:src\main.tsx
FNF:0
FNH:0
DA:7,2
LF:1
LH:1
BRF:0
BRH:0
end_of_record
TN:
SF:src\Components\CinemaSearchBar.tsx
FN:11,CinemaSearchBar
FN:16,(anonymous_1)
FN:18,(anonymous_2)
FN:23,(anonymous_3)
FN:66,(anonymous_4)
FN:67,(anonymous_5)
FN:71,(anonymous_6)
FN:81,(anonymous_7)
FNF:8
FNH:4
FNDA:4,CinemaSearchBar
FNDA:4,(anonymous_1)
FNDA:16,(anonymous_2)
FNDA:16,(anonymous_3)
FNDA:0,(anonymous_4)
FNDA:0,(anonymous_5)
FNDA:0,(anonymous_6)
FNDA:0,(anonymous_7)
DA:12,4
DA:13,4
DA:14,4
DA:16,4
DA:17,4
DA:19,16
DA:23,16
DA:66,0
DA:68,0
DA:69,0
DA:72,0
DA:73,0
DA:81,0
LF:13
LH:7
BRDA:68,0,0,0
BRDA:68,0,1,0
BRDA:69,1,0,0
BRF:3
BRH:0
end_of_record
TN:
SF:src\Components\CreateMovieModal.tsx
FN:16,CreateMovieModal
FN:20,(anonymous_1)
FN:42,(anonymous_2)
FN:71,(anonymous_3)
FN:111,(anonymous_4)
FNF:5
FNH:0
FNDA:0,CreateMovieModal
FNDA:0,(anonymous_1)
FNDA:0,(anonymous_2)
FNDA:0,(anonymous_3)
FNDA:0,(anonymous_4)
DA:14,2
DA:17,0
DA:18,0
DA:20,0
DA:21,0
DA:22,0
DA:23,0
DA:24,0
DA:26,0
DA:36,0
DA:42,0
DA:43,0
DA:44,0
DA:46,0
DA:47,0
DA:48,0
DA:57,0
DA:58,0
DA:61,0
DA:62,0
DA:65,0
DA:67,0
DA:71,0
DA:72,0
DA:73,0
DA:111,0
LF:26
LH:1
BRDA:21,0,0,0
BRDA:22,1,0,0
BRDA:22,1,1,0
BRDA:23,2,0,0
BRDA:23,2,1,0
BRDA:24,3,0,0
BRDA:24,3,1,0
BRDA:46,4,0,0
BRDA:46,4,1,0
BRDA:47,5,0,0
BRDA:47,5,1,0
BRDA:90,6,0,0
BRDA:90,6,1,0
BRDA:95,7,0,0
BRDA:95,7,1,0
BRF:15
BRH:0
end_of_record
TN:
SF:src\Components\CreateShowtimeModal.tsx
FN:29,CreateShowtimeModal
FN:42,(anonymous_1)
FN:43,loadInitialData
FN:61,(anonymous_3)
FN:64,fetchRooms
FN:81,(anonymous_5)
FN:84,(anonymous_6)
FN:87,(anonymous_7)
FN:90,(anonymous_8)
FN:115,(anonymous_9)
FN:116,(anonymous_10)
FN:123,(anonymous_11)
FN:124,(anonymous_12)
FN:131,(anonymous_13)
FN:136,(anonymous_14)
FN:137,(anonymous_15)
FN:144,(anonymous_16)
FN:178,(anonymous_17)
FN:214,(anonymous_18)
FN:239,(anonymous_19)
FNF:20
FNH:0
FNDA:0,CreateShowtimeModal
FNDA:0,(anonymous_1)
FNDA:0,loadInitialData
FNDA:0,(anonymous_3)
FNDA:0,fetchRooms
FNDA:0,(anonymous_5)
FNDA:0,(anonymous_6)
FNDA:0,(anonymous_7)
FNDA:0,(anonymous_8)
FNDA:0,(anonymous_9)
FNDA:0,(anonymous_10)
FNDA:0,(anonymous_11)
FNDA:0,(anonymous_12)
FNDA:0,(anonymous_13)
FNDA:0,(anonymous_14)
FNDA:0,(anonymous_15)
FNDA:0,(anonymous_16)
FNDA:0,(anonymous_17)
FNDA:0,(anonymous_18)
FNDA:0,(anonymous_19)
DA:19,2
DA:30,0
DA:31,0
DA:34,0
DA:36,0
DA:37,0
DA:39,0
DA:42,0
DA:44,0
DA:45,0
DA:49,0
DA:50,0
DA:52,0
DA:56,0
DA:57,0
DA:61,0
DA:62,0
DA:65,0
DA:66,0
DA:67,0
DA:69,0
DA:70,0
DA:71,0
DA:73,0
DA:77,0
DA:81,0
DA:82,0
DA:83,0
DA:84,0
DA:85,0
DA:87,0
DA:88,0
DA:90,0
DA:92,0
DA:94,0
DA:96,0
DA:106,0
DA:107,0
DA:115,0
DA:116,0
DA:123,0
DA:124,0
DA:131,0
DA:132,0
DA:133,0
DA:135,0
DA:136,0
DA:137,0
DA:144,0
DA:145,0
DA:146,0
DA:148,0
DA:158,0
DA:159,0
DA:163,0
DA:165,0
DA:166,0
DA:168,0
DA:169,0
DA:172,0
DA:174,0
DA:178,0
DA:179,0
DA:180,0
DA:214,0
DA:240,0
DA:241,0
LF:67
LH:1
BRDA:56,0,0,0
BRDA:62,1,0,0
BRDA:62,1,1,0
BRDA:62,2,0,0
BRDA:62,2,1,0
BRDA:65,3,0,0
BRDA:82,4,0,0
BRDA:83,5,0,0
BRDA:83,5,1,0
BRDA:83,6,0,0
BRDA:83,6,1,0
BRDA:85,7,0,0
BRDA:85,7,1,0
BRDA:88,8,0,0
BRDA:88,8,1,0
BRDA:88,8,2,0
BRDA:90,9,0,0
BRDA:90,9,1,0
BRDA:90,9,2,0
BRDA:92,10,0,0
BRDA:92,11,0,0
BRDA:92,11,1,0
BRDA:94,12,0,0
BRDA:94,12,1,0
BRDA:99,13,0,0
BRDA:99,13,1,0
BRDA:103,14,0,0
BRDA:103,14,1,0
BRDA:132,15,0,0
BRDA:132,15,1,0
BRDA:133,16,0,0
BRDA:155,17,0,0
BRDA:155,17,1,0
BRDA:158,18,0,0
BRDA:158,18,1,0
BRDA:160,19,0,0
BRDA:160,19,1,0
BRDA:196,20,0,0
BRDA:196,20,1,0
BRDA:201,21,0,0
BRDA:201,21,1,0
BRDA:257,22,0,0
BRDA:257,22,1,0
BRF:43
BRH:0
end_of_record
TN:
SF:src\Components\LoginModal.tsx
FN:10,LoginModal
FN:14,(anonymous_1)
FNF:2
FNH:1
FNDA:4,LoginModal
FNDA:0,(anonymous_1)
DA:11,4
DA:12,4
DA:14,4
DA:15,0
DA:16,0
DA:17,0
DA:21,0
DA:23,0
LF:8
LH:3
BRDA:16,0,0,0
BRDA:16,0,1,0
BRDA:109,1,0,4
BRDA:131,2,0,0
BRDA:143,3,0,0
BRDA:143,3,1,4
BRF:6
BRH:2
end_of_record
TN:
SF:src\Components\ManageMovies.tsx
FN:14,ManageMovies
FN:23,(anonymous_1)
FN:27,(anonymous_2)
FN:32,(anonymous_3)
FN:35,(anonymous_4)
FN:38,(anonymous_5)
FN:42,(anonymous_6)
FN:42,(anonymous_7)
FN:50,(anonymous_8)
FN:63,(anonymous_9)
FN:71,(anonymous_10)
FN:72,(anonymous_11)
FN:75,(anonymous_12)
FN:76,(anonymous_13)
FN:98,(anonymous_15)
FN:100,(anonymous_16)
FN:114,(anonymous_17)
FN:118,(anonymous_19)
FN:136,(anonymous_20)
FN:138,(anonymous_21)
FN:145,(anonymous_22)
FN:153,(anonymous_23)
FN:170,(anonymous_26)
FN:177,(anonymous_27)
FNF:24
FNH:0
FNDA:0,ManageMovies
FNDA:0,(anonymous_1)
FNDA:0,(anonymous_2)
FNDA:0,(anonymous_3)
FNDA:0,(anonymous_4)
FNDA:0,(anonymous_5)
FNDA:0,(anonymous_6)
FNDA:0,(anonymous_7)
FNDA:0,(anonymous_8)
FNDA:0,(anonymous_9)
FNDA:0,(anonymous_10)
FNDA:0,(anonymous_11)
FNDA:0,(anonymous_12)
FNDA:0,(anonymous_13)
FNDA:0,(anonymous_15)
FNDA:0,(anonymous_16)
FNDA:0,(anonymous_17)
FNDA:0,(anonymous_19)
FNDA:0,(anonymous_20)
FNDA:0,(anonymous_21)
FNDA:0,(anonymous_22)
FNDA:0,(anonymous_23)
FNDA:0,(anonymous_26)
FNDA:0,(anonymous_27)
DA:16,0
DA:17,0
DA:20,0
DA:21,0
DA:23,0
DA:24,0
DA:25,0
DA:26,0
DA:28,0
DA:29,0
DA:30,0
DA:33,0
DA:35,0
DA:38,0
DA:39,0
DA:40,0
DA:41,0
DA:42,0
DA:43,0
DA:45,0
DA:50,0
DA:63,0
DA:64,0
DA:65,0
DA:66,0
DA:71,0
DA:72,0
DA:75,0
DA:76,0
DA:79,0
DA:98,0
DA:100,0
DA:114,0
DA:119,0
DA:136,0
DA:138,0
DA:145,0
DA:153,0
DA:170,0
DA:177,0
LF:40
LH:0
BRDA:28,0,0,0
BRDA:33,1,0,0
BRDA:65,2,0,0
BRDA:65,2,1,0
BRDA:66,3,0,0
BRDA:66,3,1,0
BRDA:155,4,0,0
BRDA:155,4,1,0
BRDA:197,5,0,0
BRDA:205,6,0,0
BRDA:214,7,0,0
BRF:11
BRH:0
end_of_record
TN:
SF:src\Components\ManageShowtimes.tsx
FN:12,ManageShowtimes
FN:18,(anonymous_1)
FN:22,(anonymous_2)
FN:27,(anonymous_3)
FN:28,(anonymous_4)
FN:32,(anonymous_5)
FN:35,(anonymous_6)
FN:42,(anonymous_7)
FN:43,(anonymous_8)
FN:44,(anonymous_9)
FN:50,(anonymous_10)
FN:51,(anonymous_11)
FN:52,(anonymous_12)
FN:55,(anonymous_13)
FN:59,(anonymous_14)
FN:59,(anonymous_15)
FN:67,(anonymous_16)
FN:78,(anonymous_18)
FN:92,(anonymous_19)
FN:94,(anonymous_20)
FN:110,(anonymous_21)
FN:112,(anonymous_22)
FN:131,(anonymous_24)
FN:133,(anonymous_25)
FN:143,(anonymous_26)
FN:151,(anonymous_27)
FN:168,(anonymous_30)
FN:174,(anonymous_31)
FNF:28
FNH:0
FNDA:0,ManageShowtimes
FNDA:0,(anonymous_1)
FNDA:0,(anonymous_2)
FNDA:0,(anonymous_3)
FNDA:0,(anonymous_4)
FNDA:0,(anonymous_5)
FNDA:0,(anonymous_6)
FNDA:0,(anonymous_7)
FNDA:0,(anonymous_8)
FNDA:0,(anonymous_9)
FNDA:0,(anonymous_10)
FNDA:0,(anonymous_11)
FNDA:0,(anonymous_12)
FNDA:0,(anonymous_13)
FNDA:0,(anonymous_14)
FNDA:0,(anonymous_15)
FNDA:0,(anonymous_16)
FNDA:0,(anonymous_18)
FNDA:0,(anonymous_19)
FNDA:0,(anonymous_20)
FNDA:0,(anonymous_21)
FNDA:0,(anonymous_22)
FNDA:0,(anonymous_24)
FNDA:0,(anonymous_25)
FNDA:0,(anonymous_26)
FNDA:0,(anonymous_27)
FNDA:0,(anonymous_30)
FNDA:0,(anonymous_31)
DA:13,0
DA:14,0
DA:15,0
DA:16,0
DA:18,0
DA:19,0
DA:20,0
DA:21,0
DA:23,0
DA:24,0
DA:25,0
DA:27,0
DA:28,0
DA:32,0
DA:33,0
DA:34,0
DA:35,0
DA:42,0
DA:43,0
DA:44,0
DA:45,0
DA:46,0
DA:50,0
DA:51,0
DA:52,0
DA:55,0
DA:56,0
DA:57,0
DA:58,0
DA:59,0
DA:60,0
DA:62,0
DA:67,0
DA:79,0
DA:92,0
DA:94,0
DA:110,0
DA:112,0
DA:131,0
DA:134,0
DA:135,0
DA:143,0
DA:151,0
DA:168,0
DA:174,0
LF:45
LH:0
BRDA:23,0,0,0
BRDA:27,1,0,0
BRDA:35,2,0,0
BRDA:35,2,1,0
BRDA:36,3,0,0
BRDA:36,3,1,0
BRDA:37,4,0,0
BRDA:37,4,1,0
BRDA:46,5,0,0
BRDA:46,5,1,0
BRDA:51,6,0,0
BRDA:51,6,1,0
BRDA:135,7,0,0
BRDA:135,7,1,0
BRDA:153,8,0,0
BRDA:153,8,1,0
BRDA:195,9,0,0
BRDA:203,10,0,0
BRDA:212,11,0,0
BRF:19
BRH:0
end_of_record
TN:
SF:src\Components\MovieCard.tsx
FN:9,MovieCard
FN:10,(anonymous_1)
FNF:2
FNH:2
FNDA:138,MovieCard
FNDA:138,(anonymous_1)
DA:10,138
DA:11,138
DA:12,54
DA:13,0
DA:14,0
LF:5
LH:3
BRDA:11,0,0,84
BRDA:11,1,0,138
BRDA:11,1,1,84
BRDA:11,1,2,54
BRDA:12,2,0,54
BRDA:12,3,0,54
BRDA:12,3,1,54
BRDA:13,4,0,0
BRDA:13,5,0,0
BRDA:13,5,1,0
BRDA:25,6,0,138
BRF:11
BRH:8
end_of_record
TN:
SF:src\Components\MovieDrawer.tsx
FN:16,MovieDrawer
FN:22,(anonymous_1)
FN:27,(anonymous_2)
FN:31,(anonymous_3)
FN:35,(anonymous_4)
FN:81,(anonymous_5)
FN:84,(anonymous_6)
FNF:7
FNH:2
FNDA:14,MovieDrawer
FNDA:4,(anonymous_1)
FNDA:0,(anonymous_2)
FNDA:0,(anonymous_3)
FNDA:0,(anonymous_4)
FNDA:0,(anonymous_5)
FNDA:0,(anonymous_6)
DA:14,2
DA:17,14
DA:19,14
DA:20,14
DA:22,14
DA:23,4
DA:25,0
DA:26,0
DA:27,0
DA:28,0
DA:29,0
DA:30,0
DA:32,0
DA:35,0
DA:82,0
DA:84,0
LF:16
LH:6
BRDA:23,0,0,4
BRDA:23,1,0,4
BRDA:23,1,1,0
BRDA:28,2,0,0
BRDA:32,3,0,0
BRDA:50,4,0,14
BRDA:50,4,1,14
BRDA:54,5,0,0
BRDA:76,6,0,0
BRDA:80,7,0,0
BRDA:79,8,0,0
BRDA:79,8,1,0
BRF:12
BRH:4
end_of_record
TN:
SF:src\Components\Navbar.tsx
FN:12,(anonymous_0)
FN:81,(anonymous_1)
FN:89,(anonymous_2)
FN:98,(anonymous_3)
FN:109,(anonymous_4)
FN:110,(anonymous_5)
FN:111,(anonymous_6)
FNF:7
FNH:1
FNDA:4,(anonymous_0)
FNDA:0,(anonymous_1)
FNDA:0,(anonymous_2)
FNDA:0,(anonymous_3)
FNDA:0,(anonymous_4)
FNDA:0,(anonymous_5)
FNDA:0,(anonymous_6)
DA:12,2
DA:13,4
DA:14,4
DA:15,4
DA:16,4
DA:81,0
DA:89,0
DA:98,0
DA:109,0
DA:110,0
DA:111,0
LF:11
LH:5
BRDA:35,0,0,4
BRDA:35,0,1,4
BRDA:38,1,0,0
BRDA:38,1,1,0
BRDA:49,2,0,0
BRDA:49,2,1,0
BRDA:75,3,0,0
BRF:7
BRH:2
end_of_record
TN:
SF:src\Components\ProfilePage.tsx
FN:32,ProfilePage
FN:49,(anonymous_1)
FN:54,(anonymous_2)
FN:66,(anonymous_3)
FN:69,(anonymous_4)
FN:75,(anonymous_5)
FN:97,(anonymous_6)
FN:124,(anonymous_7)
FN:295,(anonymous_8)
FN:306,(anonymous_9)
FN:319,(anonymous_10)
FNF:11
FNH:2
FNDA:8,ProfilePage
FNDA:4,(anonymous_1)
FNDA:0,(anonymous_2)
FNDA:0,(anonymous_3)
FNDA:0,(anonymous_4)
FNDA:0,(anonymous_5)
FNDA:0,(anonymous_6)
FNDA:0,(anonymous_7)
FNDA:0,(anonymous_8)
FNDA:0,(anonymous_9)
FNDA:0,(anonymous_10)
DA:33,8
DA:34,8
DA:35,8
DA:36,8
DA:37,8
DA:38,8
DA:39,8
DA:42,8
DA:43,8
DA:49,8
DA:50,4
DA:51,0
DA:53,0
DA:55,0
DA:61,0
DA:62,0
DA:63,0
DA:64,0
DA:67,0
DA:70,0
DA:75,8
DA:76,0
DA:77,0
DA:79,0
DA:80,0
DA:86,0
DA:87,0
DA:88,0
DA:90,0
DA:91,0
DA:97,0
DA:98,0
DA:102,0
DA:107,0
DA:108,0
DA:111,0
DA:114,0
DA:115,0
DA:120,0
DA:124,8
DA:125,0
DA:126,0
DA:295,0
DA:307,0
DA:308,0
DA:319,0
LF:46
LH:13
BRDA:43,0,0,8
BRDA:43,0,1,0
BRDA:43,0,2,0
BRDA:43,0,3,0
BRDA:43,0,4,0
BRDA:50,1,0,0
BRDA:50,2,0,4
BRDA:50,2,1,0
BRDA:56,3,0,0
BRDA:56,3,1,0
BRDA:57,4,0,0
BRDA:57,4,1,0
BRDA:58,5,0,0
BRDA:58,5,1,0
BRDA:63,6,0,0
BRDA:63,6,1,0
BRDA:63,6,2,0
BRDA:76,7,0,0
BRDA:86,8,0,0
BRDA:86,8,1,0
BRDA:90,9,0,0
BRDA:90,9,1,0
BRDA:90,10,0,0
BRDA:90,10,1,0
BRDA:203,11,0,0
BRDA:203,11,1,8
BRDA:221,12,0,0
BRDA:221,12,1,0
BRDA:224,13,0,0
BRDA:224,13,1,0
BRDA:251,14,0,0
BRDA:251,14,1,0
BRDA:268,15,0,0
BRDA:268,15,1,0
BRDA:285,16,0,0
BRDA:285,16,1,0
BRDA:293,17,0,0
BRDA:307,18,0,0
BRDA:318,19,0,0
BRDA:318,19,1,0
BRDA:321,20,0,0
BRDA:321,20,1,0
BRDA:321,21,0,0
BRDA:321,21,1,0
BRDA:327,22,0,0
BRDA:327,22,1,0
BRF:46
BRH:3
end_of_record
TN:
SF:src\Components\RegisterModal.tsx
FN:10,RegisterModal
FN:15,(anonymous_1)
FN:206,(anonymous_3)
FN:208,(anonymous_4)
FNF:4
FNH:1
FNDA:4,RegisterModal
FNDA:0,(anonymous_1)
FNDA:0,(anonymous_3)
FNDA:0,(anonymous_4)
DA:11,4
DA:12,4
DA:15,4
DA:16,0
DA:23,0
DA:24,0
DA:25,0
DA:27,0
DA:28,0
DA:33,0
DA:38,0
DA:40,0
DA:41,0
DA:207,0
DA:209,0
DA:210,0
DA:212,0
LF:17
LH:3
BRDA:23,0,0,0
BRDA:23,0,1,0
BRDA:27,1,0,0
BRDA:27,1,1,0
BRDA:127,2,0,4
BRDA:197,3,0,0
BRDA:209,4,0,0
BRDA:209,5,0,0
BRDA:209,5,1,0
BRDA:221,6,0,0
BRDA:234,7,0,0
BRDA:234,7,1,4
BRF:12
BRH:2
end_of_record
TN:
SF:src\Components\SeatsSelector.tsx
FN:12,(anonymous_0)
FN:19,(anonymous_1)
FN:54,(anonymous_2)
FN:64,(anonymous_3)
FN:64,(anonymous_4)
FN:74,(anonymous_5)
FNF:6
FNH:0
FNDA:0,(anonymous_0)
FNDA:0,(anonymous_1)
FNDA:0,(anonymous_2)
FNDA:0,(anonymous_3)
FNDA:0,(anonymous_4)
FNDA:0,(anonymous_5)
DA:12,2
DA:19,0
DA:20,0
DA:21,0
DA:22,0
DA:25,0
DA:26,0
DA:55,0
DA:64,0
DA:66,0
DA:67,0
DA:68,0
DA:69,0
DA:71,0
DA:74,0
LF:15
LH:1
BRDA:20,0,0,0
BRDA:35,1,0,0
BRDA:35,1,1,0
BRDA:68,2,0,0
BRDA:68,2,1,0
BRDA:69,3,0,0
BRDA:69,3,1,0
BRDA:82,4,0,0
BRDA:82,4,1,0
BRDA:84,5,0,0
BRDA:84,5,1,0
BRDA:86,6,0,0
BRDA:86,6,1,0
BRF:13
BRH:0
end_of_record
TN:
SF:src\Components\ShowtimeCard.tsx
FN:12,ShowtimeCard
FN:15,(anonymous_1)
FN:52,(anonymous_2)
FN:55,(anonymous_3)
FNF:4
FNH:0
FNDA:0,ShowtimeCard
FNDA:0,(anonymous_1)
FNDA:0,(anonymous_2)
FNDA:0,(anonymous_3)
DA:13,0
DA:15,0
DA:16,0
DA:17,0
DA:18,0
DA:19,0
DA:53,0
DA:55,0
LF:8
LH:0
BRDA:16,0,0,0
BRDA:16,1,0,0
BRDA:16,1,1,0
BRDA:16,1,2,0
BRDA:17,2,0,0
BRDA:17,3,0,0
BRDA:17,3,1,0
BRDA:18,4,0,0
BRDA:18,5,0,0
BRDA:18,5,1,0
BRDA:27,6,0,0
BRF:11
BRH:0
end_of_record
TN:
SF:src\Components\TransactionModal.tsx
FN:18,(anonymous_0)
FN:29,(anonymous_1)
FN:40,(anonymous_2)
FN:56,(anonymous_3)
FN:61,(anonymous_4)
FN:70,(anonymous_5)
FN:82,(anonymous_6)
FN:91,(anonymous_7)
FN:174,(anonymous_8)
FNF:9
FNH:0
FNDA:0,(anonymous_0)
FNDA:0,(anonymous_1)
FNDA:0,(anonymous_2)
FNDA:0,(anonymous_3)
FNDA:0,(anonymous_4)
FNDA:0,(anonymous_5)
FNDA:0,(anonymous_6)
FNDA:0,(anonymous_7)
FNDA:0,(anonymous_8)
DA:7,2
DA:18,2
DA:25,0
DA:26,0
DA:27,0
DA:29,0
DA:32,0
DA:33,0
DA:34,0
DA:35,0
DA:36,0
DA:38,0
DA:40,0
DA:41,0
DA:42,0
DA:44,0
DA:45,0
DA:46,0
DA:48,0
DA:51,0
DA:53,0
DA:56,0
DA:57,0
DA:61,0
DA:62,0
DA:64,0
DA:65,0
DA:67,0
DA:70,0
DA:72,0
DA:73,0
DA:74,0
DA:76,0
DA:78,0
DA:82,0
DA:84,0
DA:85,0
DA:87,0
DA:88,0
DA:89,0
DA:91,0
DA:92,0
DA:93,0
DA:94,0
DA:96,0
DA:98,0
DA:102,0
DA:175,0
LF:48
LH:2
BRDA:32,0,0,0
BRDA:32,1,0,0
BRDA:32,1,1,0
BRDA:34,2,0,0
BRDA:34,2,1,0
BRDA:44,3,0,0
BRDA:44,3,1,0
BRDA:57,4,0,0
BRDA:62,5,0,0
BRDA:85,6,0,0
BRDA:102,7,0,0
BRDA:120,8,0,0
BRDA:120,8,1,0
BRDA:140,9,0,0
BRDA:140,9,1,0
BRDA:140,10,0,0
BRDA:140,10,1,0
BRDA:191,11,0,0
BRDA:191,11,1,0
BRDA:193,12,0,0
BRDA:193,12,1,0
BRDA:204,13,0,0
BRDA:204,13,1,0
BRDA:209,14,0,0
BRDA:209,14,1,0
BRF:25
BRH:0
end_of_record
TN:
SF:src\api\Cinema.ts
FN:4,getCinemas
FN:9,getCinemasByMovie
FN:14,(anonymous_2)
FN:20,(anonymous_3)
FNF:4
FNH:1
FNDA:4,getCinemas
FNDA:0,getCinemasByMovie
FNDA:0,(anonymous_2)
FNDA:0,(anonymous_3)
DA:5,4
DA:6,4
DA:10,0
DA:11,0
DA:14,2
DA:15,0
DA:16,0
DA:17,0
DA:20,2
DA:21,0
DA:22,0
LF:11
LH:4
BRDA:16,0,0,0
BRF:1
BRH:0
end_of_record
TN:
SF:src\api\Movies.ts
FN:4,GetMovies
FN:9,GetAllMovies
FN:14,CreateMovie
FN:19,DeleteMovie
FN:25,UpdateMovie
FNF:5
FNH:1
FNDA:4,GetMovies
FNDA:0,GetAllMovies
FNDA:0,CreateMovie
FNDA:0,DeleteMovie
FNDA:0,UpdateMovie
DA:5,4
DA:6,4
DA:10,0
DA:11,0
DA:15,0
DA:16,0
DA:20,0
DA:26,0
DA:27,0
LF:9
LH:2
BRF:0
BRH:0
end_of_record
TN:
SF:src\api\Reports.ts
FN:9,(anonymous_0)
FN:15,(anonymous_1)
FN:21,(anonymous_2)
FN:33,(anonymous_3)
FN:39,(anonymous_4)
FN:44,(anonymous_5)
FNF:6
FNH:0
FNDA:0,(anonymous_0)
FNDA:0,(anonymous_1)
FNDA:0,(anonymous_2)
FNDA:0,(anonymous_3)
FNDA:0,(anonymous_4)
FNDA:0,(anonymous_5)
DA:9,2
DA:10,0
DA:11,0
DA:12,0
DA:15,2
DA:16,0
DA:17,0
DA:18,0
DA:21,2
DA:23,0
DA:24,0
DA:25,0
DA:28,0
DA:29,0
DA:30,0
DA:33,2
DA:34,0
DA:35,0
DA:36,0
DA:39,2
DA:40,0
DA:41,0
DA:44,2
DA:45,0
DA:46,0
LF:25
LH:6
BRDA:9,0,0,0
BRDA:11,1,0,0
BRDA:17,2,0,0
BRDA:24,3,0,0
BRDA:29,4,0,0
BRDA:35,5,0,0
BRF:6
BRH:0
end_of_record
TN:
SF:src\api\Rooms.ts
FN:4,GetRoomsByCinema
FNF:1
FNH:0
FNDA:0,GetRoomsByCinema
DA:5,0
DA:6,0
LF:2
LH:0
BRF:0
BRH:0
end_of_record
TN:
SF:src\api\Showtimes.ts
FN:5,GetShowtimesByCinema
FN:10,(anonymous_1)
FN:15,(anonymous_2)
FN:20,(anonymous_3)
FN:25,(anonymous_4)
FN:30,DeleteShowtime
FN:34,UpdateShowtime
FNF:7
FNH:0
FNDA:0,GetShowtimesByCinema
FNDA:0,(anonymous_1)
FNDA:0,(anonymous_2)
FNDA:0,(anonymous_3)
FNDA:0,(anonymous_4)
FNDA:0,DeleteShowtime
FNDA:0,UpdateShowtime
DA:6,0
DA:7,0
DA:10,2
DA:11,0
DA:12,0
DA:15,2
DA:16,0
DA:17,0
DA:20,2
DA:21,0
DA:22,0
DA:25,2
DA:26,0
DA:27,0
DA:31,0
DA:35,0
DA:36,0
LF:17
LH:4
BRF:0
BRH:0
end_of_record
TN:
SF:src\api\Transaction.ts
FN:5,(anonymous_0)
FN:10,(anonymous_1)
FN:15,(anonymous_2)
FN:20,(anonymous_3)
FNF:4
FNH:0
FNDA:0,(anonymous_0)
FNDA:0,(anonymous_1)
FNDA:0,(anonymous_2)
FNDA:0,(anonymous_3)
DA:5,2
DA:6,0
DA:7,0
DA:10,2
DA:11,0
DA:12,0
DA:15,2
DA:16,0
DA:17,0
DA:20,2
DA:21,0
DA:22,0
LF:12
LH:4
BRF:0
BRH:0
end_of_record
TN:
SF:src\api\auth.ts
FN:7,login
FN:17,register
FN:28,getProfile
FN:33,updateProfile
FNF:4
FNH:0
FNDA:0,login
FNDA:0,register
FNDA:0,getProfile
FNDA:0,updateProfile
DA:8,0
DA:13,0
DA:18,0
DA:25,0
DA:29,0
DA:30,0
DA:34,0
DA:39,0
LF:8
LH:0
BRF:0
BRH:0
end_of_record
TN:
SF:src\api\axios.ts
FN:9,(anonymous_0)
FNF:1
FNH:1
FNDA:8,(anonymous_0)
DA:4,2
DA:9,2
DA:10,8
DA:11,8
DA:12,0
DA:14,8
LF:6
LH:5
BRDA:5,0,0,2
BRDA:5,0,1,2
BRDA:11,1,0,0
BRF:3
BRH:2
end_of_record
TN:
SF:src\auth\AuthContext.tsx
FN:20,initAuthState
FN:31,AuthProvider
FN:37,login
FN:58,register
FN:72,logout
FNF:5
FNH:2
FNDA:8,initAuthState
FNDA:8,AuthProvider
FNDA:0,login
FNDA:0,register
FNDA:0,logout
DA:18,2
DA:21,8
DA:22,8
DA:24,8
DA:26,0
DA:34,8
DA:39,0
DA:41,0
DA:42,0
DA:43,0
DA:45,0
DA:48,0
DA:49,0
DA:50,0
DA:53,0
DA:54,0
DA:59,0
DA:60,0
DA:61,0
DA:63,0
DA:64,0
DA:67,0
DA:68,0
DA:73,0
DA:74,0
LF:25
LH:5
BRDA:22,0,0,0
BRDA:22,0,1,8
BRDA:24,1,0,8
BRDA:45,2,0,0
BRF:4
BRH:2
end_of_record
TN:
SF:src\auth\ProtectedRoute.tsx
FN:8,ProtectedRoute
FN:30,AnonymousRoute
FNF:2
FNH:0
FNDA:0,ProtectedRoute
FNDA:0,AnonymousRoute
DA:9,0
DA:12,0
DA:17,0
DA:22,0
DA:31,0
DA:34,0
LF:6
LH:0
BRDA:12,0,0,0
BRDA:17,1,0,0
BRDA:17,2,0,0
BRDA:17,2,1,0
BRDA:22,3,0,0
BRDA:22,4,0,0
BRDA:22,4,1,0
BRDA:34,5,0,0
BRF:8
BRH:0
end_of_record
TN:
SF:src\auth\authReducer.ts
FN:21,authReducer
FNF:1
FNH:0
FNDA:0,authReducer
DA:15,2
DA:22,0
DA:24,0
DA:27,0
DA:30,0
DA:33,0
DA:36,0
LF:7
LH:1
BRDA:22,0,0,0
BRDA:22,0,1,0
BRDA:22,0,2,0
BRDA:22,0,3,0
BRDA:22,0,4,0
BRF:5
BRH:0
end_of_record
TN:
SF:src\auth\jwt.ts
FN:16,decodeToken
FNF:1
FNH:0
FNDA:0,decodeToken
DA:2,2
DA:3,2
DA:17,0
DA:19,0
DA:20,0
DA:23,0
DA:24,0
DA:27,0
DA:28,0
DA:30,0
DA:31,0
DA:34,0
DA:36,0
LF:13
LH:2
BRDA:20,0,0,0
BRDA:27,1,0,0
BRDA:27,1,1,0
BRDA:28,2,0,0
BRDA:28,2,1,0
BRDA:30,3,0,0
BRDA:30,4,0,0
BRDA:30,4,1,0
BRF:8
BRH:0
end_of_record
TN:
SF:src\auth\storage.ts
FN:3,(anonymous_0)
FN:7,(anonymous_1)
FN:11,(anonymous_2)
FNF:3
FNH:1
FNDA:16,(anonymous_0)
FNDA:0,(anonymous_1)
FNDA:0,(anonymous_2)
DA:1,2
DA:3,2
DA:4,16
DA:7,2
DA:8,0
DA:11,2
DA:12,0
LF:7
LH:5
BRF:0
BRH:0
end_of_record
TN:
SF:src\auth\useAuth.ts
FN:4,(anonymous_0)
FNF:1
FNH:1
FNDA:20,(anonymous_0)
DA:4,2
DA:5,20
DA:6,20
DA:7,0
DA:9,20
LF:5
LH:4
BRDA:6,0,0,0
BRF:1
BRH:0
end_of_record
TN:
SF:src\pages\Display404.tsx
FN:5,Display404
FNF:1
FNH:0
FNDA:0,Display404
LF:0
LH:0
BRF:0
BRH:0
end_of_record
TN:
SF:src\pages\DisplayShowtimes.tsx
FN:12,DisplayShowtimes
FN:18,(anonymous_1)
FN:22,(anonymous_2)
FN:26,(anonymous_3)
FN:30,(anonymous_4)
FN:34,(anonymous_5)
FN:37,(anonymous_6)
FN:38,(anonymous_7)
FN:40,(anonymous_8)
FN:49,(anonymous_9)
FN:50,(anonymous_10)
FN:53,(anonymous_11)
FN:96,(anonymous_12)
FN:99,(anonymous_13)
FN:121,(anonymous_14)
FNF:15
FNH:0
FNDA:0,DisplayShowtimes
FNDA:0,(anonymous_1)
FNDA:0,(anonymous_2)
FNDA:0,(anonymous_3)
FNDA:0,(anonymous_4)
FNDA:0,(anonymous_5)
FNDA:0,(anonymous_6)
FNDA:0,(anonymous_7)
FNDA:0,(anonymous_8)
FNDA:0,(anonymous_9)
FNDA:0,(anonymous_10)
FNDA:0,(anonymous_11)
FNDA:0,(anonymous_12)
FNDA:0,(anonymous_13)
FNDA:0,(anonymous_14)
DA:10,2
DA:13,0
DA:14,0
DA:16,0
DA:17,0
DA:18,0
DA:19,0
DA:22,0
DA:23,0
DA:24,0
DA:26,0
DA:27,0
DA:28,0
DA:29,0
DA:31,0
DA:34,0
DA:37,0
DA:38,0
DA:40,0
DA:41,0
DA:42,0
DA:44,0
DA:45,0
DA:49,0
DA:50,0
DA:53,0
DA:54,0
DA:55,0
DA:97,0
DA:99,0
DA:122,0
LF:31
LH:1
BRDA:27,0,0,0
BRDA:31,1,0,0
BRDA:41,2,0,0
BRDA:54,3,0,0
BRDA:54,4,0,0
BRDA:54,4,1,0
BRDA:72,5,0,0
BRDA:79,6,0,0
BRDA:79,6,1,0
BRDA:86,7,0,0
BRDA:94,8,0,0
BRDA:94,8,1,0
BRDA:101,9,0,0
BRDA:101,9,1,0
BRDA:119,10,0,0
BRDA:119,10,1,0
BRDA:119,11,0,0
BRDA:119,11,1,0
BRF:18
BRH:0
end_of_record
TN:
SF:src\pages\ManageCatalog.tsx
FN:10,ManageCatalog
FN:13,(anonymous_1)
FN:33,(anonymous_2)
FN:38,(anonymous_3)
FN:43,(anonymous_4)
FN:48,(anonymous_5)
FN:54,(anonymous_6)
FN:59,(anonymous_7)
FN:64,(anonymous_8)
FN:69,(anonymous_9)
FN:74,(anonymous_10)
FN:80,(anonymous_11)
FN:102,(anonymous_12)
FN:111,(anonymous_13)
FN:129,(anonymous_14)
FN:141,(anonymous_15)
FNF:16
FNH:0
FNDA:0,ManageCatalog
FNDA:0,(anonymous_1)
FNDA:0,(anonymous_2)
FNDA:0,(anonymous_3)
FNDA:0,(anonymous_4)
FNDA:0,(anonymous_5)
FNDA:0,(anonymous_6)
FNDA:0,(anonymous_7)
FNDA:0,(anonymous_8)
FNDA:0,(anonymous_9)
FNDA:0,(anonymous_10)
FNDA:0,(anonymous_11)
FNDA:0,(anonymous_12)
FNDA:0,(anonymous_13)
FNDA:0,(anonymous_14)
FNDA:0,(anonymous_15)
DA:11,0
DA:13,0
DA:14,0
DA:15,0
DA:16,0
DA:17,0
DA:22,0
DA:23,0
DA:25,0
DA:26,0
DA:28,0
DA:29,0
DA:31,0
DA:33,0
DA:34,0
DA:35,0
DA:38,0
DA:39,0
DA:40,0
DA:43,0
DA:44,0
DA:45,0
DA:48,0
DA:49,0
DA:50,0
DA:52,0
DA:54,0
DA:56,0
DA:59,0
DA:60,0
DA:61,0
DA:64,0
DA:65,0
DA:66,0
DA:69,0
DA:70,0
DA:71,0
DA:74,0
DA:75,0
DA:76,0
DA:78,0
DA:80,0
DA:82,0
DA:102,0
DA:111,0
DA:129,0
DA:141,0
LF:47
LH:0
BRDA:14,0,0,0
BRDA:14,0,1,0
BRDA:16,1,0,0
BRDA:49,2,0,0
BRDA:49,2,1,0
BRDA:75,3,0,0
BRDA:75,3,1,0
BRDA:130,4,0,0
BRDA:130,4,1,0
BRDA:142,5,0,0
BRDA:142,5,1,0
BRDA:158,6,0,0
BRDA:158,6,1,0
BRDA:167,7,0,0
BRF:14
BRH:0
end_of_record
TN:
SF:src\pages\MyTickets.tsx
FN:11,(anonymous_0)
FN:25,(anonymous_1)
FN:26,(anonymous_2)
FN:40,(anonymous_3)
FN:63,(anonymous_4)
FN:76,(anonymous_5)
FN:77,(anonymous_6)
FN:86,(anonymous_7)
FN:88,(anonymous_8)
FN:107,(anonymous_9)
FN:108,(anonymous_10)
FN:109,(anonymous_11)
FN:117,(anonymous_12)
FN:121,(anonymous_13)
FN:122,(anonymous_14)
FN:123,(anonymous_15)
FN:131,(anonymous_16)
FN:175,(anonymous_17)
FN:184,(anonymous_18)
FN:200,(anonymous_19)
FN:201,(anonymous_20)
FN:208,(anonymous_21)
FN:212,(anonymous_22)
FN:259,(anonymous_23)
FNF:24
FNH:0
FNDA:0,(anonymous_0)
FNDA:0,(anonymous_1)
FNDA:0,(anonymous_2)
FNDA:0,(anonymous_3)
FNDA:0,(anonymous_4)
FNDA:0,(anonymous_5)
FNDA:0,(anonymous_6)
FNDA:0,(anonymous_7)
FNDA:0,(anonymous_8)
FNDA:0,(anonymous_9)
FNDA:0,(anonymous_10)
FNDA:0,(anonymous_11)
FNDA:0,(anonymous_12)
FNDA:0,(anonymous_13)
FNDA:0,(anonymous_14)
FNDA:0,(anonymous_15)
FNDA:0,(anonymous_16)
FNDA:0,(anonymous_17)
FNDA:0,(anonymous_18)
FNDA:0,(anonymous_19)
FNDA:0,(anonymous_20)
FNDA:0,(anonymous_21)
FNDA:0,(anonymous_22)
FNDA:0,(anonymous_23)
DA:8,2
DA:11,2
DA:13,0
DA:14,0
DA:15,0
DA:17,0
DA:18,0
DA:19,0
DA:22,0
DA:23,0
DA:25,0
DA:26,0
DA:27,0
DA:28,0
DA:30,0
DA:31,0
DA:40,0
DA:41,0
DA:42,0
DA:44,0
DA:45,0
DA:48,0
DA:50,0
DA:52,0
DA:53,0
DA:55,0
DA:59,0
DA:63,0
DA:64,0
DA:65,0
DA:66,0
DA:67,0
DA:68,0
DA:69,0
DA:70,0
DA:71,0
DA:76,0
DA:77,0
DA:78,0
DA:79,0
DA:80,0
DA:81,0
DA:86,0
DA:88,0
DA:89,0
DA:90,0
DA:92,0
DA:95,0
DA:103,0
DA:107,0
DA:108,0
DA:109,0
DA:110,0
DA:116,0
DA:117,0
DA:121,0
DA:122,0
DA:123,0
DA:124,0
DA:130,0
DA:131,0
DA:175,0
DA:184,0
DA:200,0
DA:201,0
DA:209,0
DA:212,0
DA:259,0
LF:68
LH:2
BRDA:41,0,0,0
BRDA:41,0,1,0
BRDA:42,1,0,0
BRDA:42,1,1,0
BRDA:44,2,0,0
BRDA:64,3,0,0
BRDA:64,3,1,0
BRDA:64,3,2,0
BRDA:64,3,3,0
BRDA:64,3,4,0
BRDA:64,3,5,0
BRDA:64,3,6,0
BRDA:79,4,0,0
BRDA:79,4,1,0
BRDA:80,5,0,0
BRDA:80,5,1,0
BRDA:81,6,0,0
BRDA:81,6,1,0
BRDA:81,6,2,0
BRDA:95,7,0,0
BRDA:103,8,0,0
BRDA:110,9,0,0
BRDA:110,9,1,0
BRDA:116,10,0,0
BRDA:117,11,0,0
BRDA:117,11,1,0
BRDA:124,12,0,0
BRDA:124,12,1,0
BRDA:130,13,0,0
BRDA:131,14,0,0
BRDA:131,14,1,0
BRDA:206,15,0,0
BRDA:206,15,1,0
BRDA:217,16,0,0
BRF:34
BRH:0
end_of_record
TN:
SF:src\pages\SelectCinema.tsx
FN:13,SelectCinema
FN:28,(anonymous_1)
FN:35,(anonymous_2)
FN:45,(anonymous_3)
FN:51,(anonymous_4)
FN:55,(anonymous_5)
FN:60,(anonymous_6)
FN:63,(anonymous_7)
FN:66,(anonymous_8)
FN:70,(anonymous_9)
FN:75,(anonymous_10)
FN:78,(anonymous_11)
FN:157,(anonymous_12)
FN:158,(anonymous_13)
FN:166,(anonymous_14)
FN:168,(anonymous_15)
FN:180,(anonymous_16)
FNF:17
FNH:9
FNDA:14,SelectCinema
FNDA:0,(anonymous_1)
FNDA:0,(anonymous_2)
FNDA:0,(anonymous_3)
FNDA:4,(anonymous_4)
FNDA:4,(anonymous_5)
FNDA:0,(anonymous_6)
FNDA:2,(anonymous_7)
FNDA:4,(anonymous_8)
FNDA:4,(anonymous_9)
FNDA:0,(anonymous_10)
FNDA:2,(anonymous_11)
FNDA:2,(anonymous_12)
FNDA:0,(anonymous_13)
FNDA:90,(anonymous_14)
FNDA:0,(anonymous_15)
FNDA:0,(anonymous_16)
DA:11,2
DA:14,14
DA:15,14
DA:17,14
DA:18,14
DA:20,14
DA:21,14
DA:23,14
DA:25,14
DA:26,14
DA:28,14
DA:29,0
DA:31,0
DA:32,0
DA:35,14
DA:36,0
DA:38,0
DA:39,0
DA:40,0
DA:41,0
DA:42,0
DA:45,0
DA:46,0
DA:51,14
DA:52,4
DA:53,4
DA:54,4
DA:56,4
DA:57,2
DA:58,2
DA:61,0
DA:63,4
DA:66,14
DA:67,4
DA:68,4
DA:69,4
DA:71,4
DA:72,2
DA:73,2
DA:76,0
DA:78,4
DA:81,14
DA:157,2
DA:158,0
DA:167,90
DA:168,0
DA:180,0
LF:47
LH:31
BRDA:29,0,0,0
BRDA:36,1,0,0
BRDA:38,2,0,0
BRDA:39,3,0,0
BRDA:39,3,1,0
BRDA:41,4,0,0
BRDA:56,5,0,2
BRDA:61,6,0,0
BRDA:71,7,0,2
BRDA:76,8,0,0
BRDA:81,9,0,6
BRDA:81,9,1,8
BRDA:81,10,0,14
BRDA:81,10,1,6
BRDA:125,11,0,14
BRDA:126,12,0,14
BRDA:127,13,0,14
BRDA:141,14,0,4
BRDA:141,14,1,10
BRF:19
BRH:11
end_of_record
TN:
SF:src\pages\ShowtimeDetails.tsx
FN:17,(anonymous_0)
FN:36,(anonymous_1)
FN:37,(anonymous_2)
FN:38,(anonymous_3)
FN:41,(anonymous_4)
FN:42,(anonymous_5)
FN:69,(anonymous_6)
FN:70,(anonymous_7)
FN:71,(anonymous_8)
FN:77,(anonymous_9)
FN:81,(anonymous_10)
FN:85,(anonymous_11)
FN:118,(anonymous_12)
FN:141,(anonymous_13)
FN:241,(anonymous_14)
FN:249,(anonymous_15)
FN:271,(anonymous_16)
FN:282,(anonymous_17)
FN:291,(anonymous_18)
FN:292,(anonymous_19)
FNF:20
FNH:0
FNDA:0,(anonymous_0)
FNDA:0,(anonymous_1)
FNDA:0,(anonymous_2)
FNDA:0,(anonymous_3)
FNDA:0,(anonymous_4)
FNDA:0,(anonymous_5)
FNDA:0,(anonymous_6)
FNDA:0,(anonymous_7)
FNDA:0,(anonymous_8)
FNDA:0,(anonymous_9)
FNDA:0,(anonymous_10)
FNDA:0,(anonymous_11)
FNDA:0,(anonymous_12)
FNDA:0,(anonymous_13)
FNDA:0,(anonymous_14)
FNDA:0,(anonymous_15)
FNDA:0,(anonymous_16)
FNDA:0,(anonymous_17)
FNDA:0,(anonymous_18)
FNDA:0,(anonymous_19)
DA:15,2
DA:17,2
DA:18,0
DA:19,0
DA:20,0
DA:22,0
DA:23,0
DA:24,0
DA:25,0
DA:27,0
DA:28,0
DA:29,0
DA:31,0
DA:32,0
DA:34,0
DA:36,0
DA:37,0
DA:38,0
DA:41,0
DA:42,0
DA:43,0
DA:44,0
DA:45,0
DA:46,0
DA:48,0
DA:49,0
DA:51,0
DA:52,0
DA:55,0
DA:56,0
DA:59,0
DA:60,0
DA:62,0
DA:66,0
DA:69,0
DA:70,0
DA:71,0
DA:72,0
DA:73,0
DA:77,0
DA:78,0
DA:79,0
DA:80,0
DA:81,0
DA:85,0
DA:86,0
DA:87,0
DA:88,0
DA:91,0
DA:92,0
DA:93,0
DA:97,0
DA:98,0
DA:100,0
DA:102,0
DA:106,0
DA:114,0
DA:118,0
DA:119,0
DA:121,0
DA:123,0
DA:124,0
DA:126,0
DA:127,0
DA:130,0
DA:132,0
DA:134,0
DA:135,0
DA:136,0
DA:138,0
DA:141,0
DA:142,0
DA:144,0
DA:145,0
DA:146,0
DA:147,0
DA:149,0
DA:150,0
DA:151,0
DA:152,0
DA:153,0
DA:241,0
DA:249,0
DA:271,0
DA:282,0
DA:291,0
DA:292,0
LF:87
LH:2
BRDA:43,0,0,0
BRDA:51,1,0,0
BRDA:71,2,0,0
BRDA:72,3,0,0
BRDA:80,4,0,0
BRDA:86,5,0,0
BRDA:86,6,0,0
BRDA:86,6,1,0
BRDA:106,7,0,0
BRDA:114,8,0,0
BRDA:114,9,0,0
BRDA:114,9,1,0
BRDA:119,10,0,0
BRDA:119,11,0,0
BRDA:119,11,1,0
BRDA:119,11,2,0
BRDA:126,12,0,0
BRDA:132,13,0,0
BRDA:138,14,0,0
BRDA:138,14,1,0
BRDA:142,15,0,0
BRDA:144,16,0,0
BRDA:146,17,0,0
BRDA:146,18,0,0
BRDA:146,18,1,0
BRDA:146,18,2,0
BRDA:190,19,0,0
BRDA:204,20,0,0
BRDA:204,20,1,0
BRDA:210,21,0,0
BRDA:210,21,1,0
BRDA:257,22,0,0
BRDA:257,23,0,0
BRDA:257,23,1,0
BRDA:261,24,0,0
BRDA:261,24,1,0
BRDA:265,25,0,0
BRDA:265,25,1,0
BRF:38
BRH:0
end_of_record
TN:
SF:src\views\AdminReports.tsx
FN:34,(anonymous_0)
FN:52,(anonymous_1)
FN:57,(anonymous_2)
FN:58,(anonymous_3)
FN:63,(anonymous_4)
FN:67,(anonymous_5)
FN:68,(anonymous_6)
FN:73,(anonymous_7)
FN:81,(anonymous_8)
FN:86,(anonymous_9)
FN:87,(anonymous_10)
FN:92,(anonymous_11)
FN:99,(anonymous_12)
FN:104,(anonymous_13)
FN:105,(anonymous_14)
FN:110,(anonymous_15)
FN:117,(anonymous_16)
FN:122,(anonymous_17)
FN:123,(anonymous_18)
FN:128,(anonymous_19)
FN:135,(anonymous_20)
FN:140,(anonymous_21)
FN:153,(anonymous_22)
FN:158,(anonymous_23)
FN:171,(anonymous_24)
FN:176,(anonymous_25)
FN:189,(anonymous_26)
FN:226,(anonymous_29)
FN:298,(anonymous_31)
FN:301,(anonymous_32)
FN:317,(anonymous_33)
FN:326,(anonymous_34)
FN:368,(anonymous_35)
FN:405,(anonymous_36)
FN:442,(anonymous_37)
FN:449,(anonymous_38)
FN:482,(anonymous_39)
FNF:37
FNH:0
FNDA:0,(anonymous_0)
FNDA:0,(anonymous_1)
FNDA:0,(anonymous_2)
FNDA:0,(anonymous_3)
FNDA:0,(anonymous_4)
FNDA:0,(anonymous_5)
FNDA:0,(anonymous_6)
FNDA:0,(anonymous_7)
FNDA:0,(anonymous_8)
FNDA:0,(anonymous_9)
FNDA:0,(anonymous_10)
FNDA:0,(anonymous_11)
FNDA:0,(anonymous_12)
FNDA:0,(anonymous_13)
FNDA:0,(anonymous_14)
FNDA:0,(anonymous_15)
FNDA:0,(anonymous_16)
FNDA:0,(anonymous_17)
FNDA:0,(anonymous_18)
FNDA:0,(anonymous_19)
FNDA:0,(anonymous_20)
FNDA:0,(anonymous_21)
FNDA:0,(anonymous_22)
FNDA:0,(anonymous_23)
FNDA:0,(anonymous_24)
FNDA:0,(anonymous_25)
FNDA:0,(anonymous_26)
FNDA:0,(anonymous_29)
FNDA:0,(anonymous_31)
FNDA:0,(anonymous_32)
FNDA:0,(anonymous_33)
FNDA:0,(anonymous_34)
FNDA:0,(anonymous_35)
FNDA:0,(anonymous_36)
FNDA:0,(anonymous_37)
FNDA:0,(anonymous_38)
FNDA:0,(anonymous_39)
DA:23,2
DA:25,2
DA:34,2
DA:35,0
DA:36,0
DA:38,0
DA:40,0
DA:41,0
DA:42,0
DA:43,0
DA:44,0
DA:45,0
DA:47,0
DA:48,0
DA:49,0
DA:50,0
DA:52,0
DA:53,0
DA:54,0
DA:55,0
DA:57,0
DA:58,0
DA:59,0
DA:60,0
DA:61,0
DA:63,0
DA:67,0
DA:68,0
DA:69,0
DA:70,0
DA:71,0
DA:73,0
DA:77,0
DA:78,0
DA:81,0
DA:82,0
DA:83,0
DA:84,0
DA:86,0
DA:87,0
DA:88,0
DA:89,0
DA:90,0
DA:92,0
DA:96,0
DA:99,0
DA:100,0
DA:101,0
DA:102,0
DA:104,0
DA:105,0
DA:106,0
DA:107,0
DA:108,0
DA:110,0
DA:114,0
DA:117,0
DA:118,0
DA:119,0
DA:120,0
DA:122,0
DA:123,0
DA:124,0
DA:125,0
DA:126,0
DA:128,0
DA:132,0
DA:135,0
DA:136,0
DA:137,0
DA:138,0
DA:140,0
DA:141,0
DA:142,0
DA:143,0
DA:144,0
DA:146,0
DA:150,0
DA:153,0
DA:154,0
DA:155,0
DA:156,0
DA:158,0
DA:159,0
DA:160,0
DA:161,0
DA:162,0
DA:164,0
DA:168,0
DA:171,0
DA:172,0
DA:173,0
DA:174,0
DA:176,0
DA:177,0
DA:178,0
DA:179,0
DA:180,0
DA:182,0
DA:186,0
DA:189,0
DA:190,0
DA:192,0
DA:194,0
DA:195,0
DA:196,0
DA:198,0
DA:199,0
DA:200,0
DA:202,0
DA:203,0
DA:204,0
DA:206,0
DA:208,0
DA:212,0
DA:224,0
DA:226,0
DA:299,0
DA:301,0
DA:317,0
DA:326,0
DA:368,0
DA:406,0
DA:442,0
DA:449,0
DA:482,0
LF:126
LH:3
BRDA:53,0,0,0
BRDA:53,1,0,0
BRDA:53,1,1,0
BRDA:82,2,0,0
BRDA:82,3,0,0
BRDA:82,3,1,0
BRDA:100,4,0,0
BRDA:100,5,0,0
BRDA:100,5,1,0
BRDA:118,6,0,0
BRDA:118,7,0,0
BRDA:118,7,1,0
BRDA:136,8,0,0
BRDA:136,9,0,0
BRDA:136,9,1,0
BRDA:154,10,0,0
BRDA:154,11,0,0
BRDA:154,11,1,0
BRDA:172,12,0,0
BRDA:172,13,0,0
BRDA:172,13,1,0
BRDA:192,14,0,0
BRDA:192,14,1,0
BRDA:192,14,2,0
BRDA:192,14,3,0
BRDA:192,14,4,0
BRDA:235,15,0,0
BRDA:235,15,1,0
BRDA:235,16,0,0
BRDA:235,16,1,0
BRDA:303,17,0,0
BRDA:303,17,1,0
BRDA:313,18,0,0
BRDA:313,18,1,0
BRDA:317,19,0,0
BRDA:317,19,1,0
BRDA:326,20,0,0
BRDA:326,20,1,0
BRDA:340,21,0,0
BRDA:345,22,0,0
BRDA:350,23,0,0
BRDA:368,24,0,0
BRDA:368,24,1,0
BRDA:378,25,0,0
BRDA:379,26,0,0
BRDA:399,27,0,0
BRDA:400,28,0,0
BRDA:406,29,0,0
BRDA:406,29,1,0
BRDA:423,30,0,0
BRDA:423,30,1,0
BRDA:423,31,0,0
BRDA:423,31,1,0
BRDA:446,32,0,0
BRDA:446,32,1,0
BRDA:450,33,0,0
BRDA:450,33,1,0
BRDA:467,34,0,0
BRDA:467,34,1,0
BRDA:469,35,0,0
BRDA:469,35,1,0
BRDA:469,36,0,0
BRDA:469,36,1,0
BRF:63
BRH:0
end_of_record
