{
  "C:/Users/MasterDigimon/OneDrive/Documentos/Proyectos/REVATURE TRAINING/T4-FantasyWorldCinema/client/cinema/src/auth/storage.ts": {
    "path": "C:/Users/MasterDigimon/OneDrive/Documentos/Proyectos/REVATURE TRAINING/T4-FantasyWorldCinema/client/cinema/src/auth/storage.ts",
    "statementMap": {
      "0": {
        "start": {
          "line": 1,
          "column": 18
        },
        "end": {
          "line": 1,
          "column": 36
        }
      },
      "1": {
        "start": {
          "line": 2,
          "column": 24
        },
        "end": {
          "line": 4,
          "column": 1
        }
      },
      "2": {
        "start": {
          "line": 3,
          "column": 1
        },
        "end": {
          "line": 3,
          "column": 40
        }
      },
      "3": {
        "start": {
          "line": 5,
          "column": 24
        },
        "end": {
          "line": 7,
          "column": 1
        }
      },
      "4": {
        "start": {
          "line": 6,
          "column": 1
        },
        "end": {
          "line": 6,
          "column": 40
        }
      },
      "5": {
        "start": {
          "line": 8,
          "column": 26
        },
        "end": {
          "line": 10,
          "column": 1
        }
      },
      "6": {
        "start": {
          "line": 9,
          "column": 1
        },
        "end": {
          "line": 9,
          "column": 36
        }
      }
    },
    "fnMap": {
      "0": {
        "name": "(anonymous_0)",
        "decl": {
          "start": {
            "line": 2,
            "column": 24
          },
          "end": {
            "line": 2,
            "column": 25
          }
        },
        "loc": {
          "start": {
            "line": 2,
            "column": 30
          },
          "end": {
            "line": 4,
            "column": 1
          }
        },
        "line": 2
      },
      "1": {
        "name": "(anonymous_1)",
        "decl": {
          "start": {
            "line": 5,
            "column": 24
          },
          "end": {
            "line": 5,
            "column": 25
          }
        },
        "loc": {
          "start": {
            "line": 5,
            "column": 35
          },
          "end": {
            "line": 7,
            "column": 1
          }
        },
        "line": 5
      },
      "2": {
        "name": "(anonymous_2)",
        "decl": {
          "start": {
            "line": 8,
            "column": 26
          },
          "end": {
            "line": 8,
            "column": 27
          }
        },
        "loc": {
          "start": {
            "line": 8,
            "column": 32
          },
          "end": {
            "line": 10,
            "column": 1
          }
        },
        "line": 8
      }
    },
    "branchMap": {},
    "s": {
      "0": 2,
      "1": 2,
      "2": 16,
      "3": 2,
      "4": 0,
      "5": 2,
      "6": 0
    },
    "f": {
      "0": 16,
      "1": 0,
      "2": 0
    },
    "b": {},
    "inputSourceMap": {
      "mappings": "AAAA,MAAM,YAAY;AAElB,OAAO,MAAM,iBAAgC;CACzC,OAAO,aAAa,QAAQ,SAAS;AACzC;AAEA,OAAO,MAAM,YAAY,UAAwB;CAC7C,aAAa,QAAQ,WAAW,KAAK;AACzC;AAEA,OAAO,MAAM,mBAAyB;CAClC,aAAa,WAAW,SAAS;AACrC",
      "names": [],
      "sources": [
        "C:/Users/MasterDigimon/OneDrive/Documentos/Proyectos/REVATURE TRAINING/T4-FantasyWorldCinema/client/cinema/src/auth/storage.ts"
      ],
      "version": 3
    },
    "_coverageSchema": "1a1c01bbd47fc00a2c39e90264f33305004495a9",
    "hash": "a349b834f3b9a1a2adca70f7fa8680f997f07768"
  },
  "C:/Users/MasterDigimon/OneDrive/Documentos/Proyectos/REVATURE TRAINING/T4-FantasyWorldCinema/client/cinema/src/api/axios.ts": {
    "path": "C:/Users/MasterDigimon/OneDrive/Documentos/Proyectos/REVATURE TRAINING/T4-FantasyWorldCinema/client/cinema/src/api/axios.ts",
    "statementMap": {
      "0": {
        "start": {
          "line": 3,
          "column": 19
        },
        "end": {
          "line": 3,
          "column": 105
        }
      },
      "1": {
        "start": {
          "line": 5,
          "column": 0
        },
        "end": {
          "line": 11,
          "column": 3
        }
      },
      "2": {
        "start": {
          "line": 6,
          "column": 15
        },
        "end": {
          "line": 6,
          "column": 25
        }
      },
      "3": {
        "start": {
          "line": 7,
          "column": 1
        },
        "end": {
          "line": 9,
          "column": 2
        }
      },
      "4": {
        "start": {
          "line": 8,
          "column": 2
        },
        "end": {
          "line": 8,
          "column": 51
        }
      },
      "5": {
        "start": {
          "line": 10,
          "column": 1
        },
        "end": {
          "line": 10,
          "column": 15
        }
      }
    },
    "fnMap": {
      "0": {
        "name": "(anonymous_0)",
        "decl": {
          "start": {
            "line": 5,
            "column": 29
          },
          "end": {
            "line": 5,
            "column": 30
          }
        },
        "loc": {
          "start": {
            "line": 5,
            "column": 41
          },
          "end": {
            "line": 11,
            "column": 1
          }
        },
        "line": 5
      }
    },
    "branchMap": {
      "0": {
        "loc": {
          "start": {
            "line": 3,
            "column": 43
          },
          "end": {
            "line": 3,
            "column": 102
          }
        },
        "type": "binary-expr",
        "locations": [
          {
            "start": {
              "line": 3,
              "column": 43
            },
            "end": {
              "line": 3,
              "column": 71
            }
          },
          {
            "start": {
              "line": 3,
              "column": 75
            },
            "end": {
              "line": 3,
              "column": 102
            }
          }
        ],
        "line": 3
      },
      "1": {
        "loc": {
          "start": {
            "line": 7,
            "column": 1
          },
          "end": {
            "line": 9,
            "column": 2
          }
        },
        "type": "if",
        "locations": [
          {
            "start": {
              "line": 7,
              "column": 1
            },
            "end": {
              "line": 9,
              "column": 2
            }
          },
          {
            "start": {},
            "end": {}
          }
        ],
        "line": 7
      }
    },
    "s": {
      "0": 2,
      "1": 2,
      "2": 8,
      "3": 8,
      "4": 0,
      "5": 8
    },
    "f": {
      "0": 8
    },
    "b": {
      "0": [
        2,
        2
      ],
      "1": [
        0,
        8
      ]
    },
    "inputSourceMap": {
      "mappings": "AAAA,OAAO,WAAW;AAClB,SAAS,gBAAgB;AAEzB,OAAO,MAAM,MAAM,MAAM,OAAO,EAC5B,SAAS,OAAO,KAAK,IAAI,gBAAgB,4BAC7C,CAAC;;AAGD,IAAI,aAAa,QAAQ,KAAK,WAAW;CACrC,MAAM,QAAQ,SAAS;CACvB,IAAI,OAAO;EACP,OAAO,QAAQ,gBAAgB,UAAU;CAC7C;CACA,OAAO;AACX,CAAC",
      "names": [],
      "sources": [
        "C:/Users/MasterDigimon/OneDrive/Documentos/Proyectos/REVATURE TRAINING/T4-FantasyWorldCinema/client/cinema/src/api/axios.ts"
      ],
      "version": 3
    },
    "_coverageSchema": "1a1c01bbd47fc00a2c39e90264f33305004495a9",
    "hash": "99a9d898577a68bd4d5d7d3feff6a09eb3707af4"
  },
  "C:/Users/MasterDigimon/OneDrive/Documentos/Proyectos/REVATURE TRAINING/T4-FantasyWorldCinema/client/cinema/src/api/auth.ts": {
    "path": "C:/Users/MasterDigimon/OneDrive/Documentos/Proyectos/REVATURE TRAINING/T4-FantasyWorldCinema/client/cinema/src/api/auth.ts",
    "statementMap": {
      "0": {
        "start": {
          "line": 3,
          "column": 18
        },
        "end": {
          "line": 6,
          "column": 3
        }
      },
      "1": {
        "start": {
          "line": 7,
          "column": 1
        },
        "end": {
          "line": 7,
          "column": 28
        }
      },
      "2": {
        "start": {
          "line": 10,
          "column": 1
        },
        "end": {
          "line": 15,
          "column": 4
        }
      },
      "3": {
        "start": {
          "line": 16,
          "column": 1
        },
        "end": {
          "line": 16,
          "column": 13
        }
      },
      "4": {
        "start": {
          "line": 19,
          "column": 18
        },
        "end": {
          "line": 19,
          "column": 60
        }
      },
      "5": {
        "start": {
          "line": 20,
          "column": 1
        },
        "end": {
          "line": 20,
          "column": 22
        }
      },
      "6": {
        "start": {
          "line": 23,
          "column": 1
        },
        "end": {
          "line": 27,
          "column": 4
        }
      },
      "7": {
        "start": {
          "line": 28,
          "column": 1
        },
        "end": {
          "line": 28,
          "column": 13
        }
      }
    },
    "fnMap": {
      "0": {
        "name": "login",
        "decl": {
          "start": {
            "line": 2,
            "column": 22
          },
          "end": {
            "line": 2,
            "column": 27
          }
        },
        "loc": {
          "start": {
            "line": 2,
            "column": 50
          },
          "end": {
            "line": 8,
            "column": 1
          }
        },
        "line": 2
      },
      "1": {
        "name": "register",
        "decl": {
          "start": {
            "line": 9,
            "column": 22
          },
          "end": {
            "line": 9,
            "column": 30
          }
        },
        "loc": {
          "start": {
            "line": 9,
            "column": 68
          },
          "end": {
            "line": 17,
            "column": 1
          }
        },
        "line": 9
      },
      "2": {
        "name": "getProfile",
        "decl": {
          "start": {
            "line": 18,
            "column": 22
          },
          "end": {
            "line": 18,
            "column": 32
          }
        },
        "loc": {
          "start": {
            "line": 18,
            "column": 43
          },
          "end": {
            "line": 21,
            "column": 1
          }
        },
        "line": 18
      },
      "3": {
        "name": "updateProfile",
        "decl": {
          "start": {
            "line": 22,
            "column": 22
          },
          "end": {
            "line": 22,
            "column": 35
          }
        },
        "loc": {
          "start": {
            "line": 22,
            "column": 52
          },
          "end": {
            "line": 29,
            "column": 1
          }
        },
        "line": 22
      }
    },
    "branchMap": {},
    "s": {
      "0": 0,
      "1": 0,
      "2": 0,
      "3": 0,
      "4": 0,
      "5": 0,
      "6": 0,
      "7": 0
    },
    "f": {
      "0": 0,
      "1": 0,
      "2": 0,
      "3": 0
    },
    "b": {},
    "inputSourceMap": {
      "mappings": "AAAA,SAAS,WAAW;AAMpB,OAAO,eAAe,MAAM,YAAoB,UAAmC;CACjF,MAAM,WAAW,MAAM,IAAI,KAAoB,eAAe;EAC5D;EACA;CACF,CAAC;CAED,OAAO,SAAS,KAAK;AACvB;AAGA,OAAO,eAAe,SAAS,UAAkB,UAAkB,OAAe,UAAoC;CACpH,MAAM,IAAI,KAAK,kBAAkB;EAC/B,UAAU;EACV,UAAU;EACV,OAAO;EACP,UAAU;CACZ,CAAC;CAED,OAAO;AACT;AAEA,OAAO,eAAe,WAAW,UAAkB;CAC/C,MAAM,WAAW,MAAM,IAAI,IAAI,iBAAiB,UAAU;CAC1D,OAAO,SAAS;AACpB;AAEA,OAAO,eAAe,cAAc,UAAkB,MAA6B;CAC/E,MAAM,IAAI,IAAI,iBAAiB,YAAY;EACvC,UAAU,KAAK;EACf,UAAU,KAAK;EACf,OAAO,KAAK;CAChB,CAAC;CACD,OAAO;AACX",
      "names": [],
      "sources": [
        "C:/Users/MasterDigimon/OneDrive/Documentos/Proyectos/REVATURE TRAINING/T4-FantasyWorldCinema/client/cinema/src/api/auth.ts"
      ],
      "version": 3
    },
    "_coverageSchema": "1a1c01bbd47fc00a2c39e90264f33305004495a9",
    "hash": "a5b9e83aca1a9ad44e3269a8dbd1642be989b981"
  },
  "C:/Users/MasterDigimon/OneDrive/Documentos/Proyectos/REVATURE TRAINING/T4-FantasyWorldCinema/client/cinema/src/auth/jwt.ts": {
    "path": "C:/Users/MasterDigimon/OneDrive/Documentos/Proyectos/REVATURE TRAINING/T4-FantasyWorldCinema/client/cinema/src/auth/jwt.ts",
    "statementMap": {
      "0": {
        "start": {
          "line": 2,
          "column": 19
        },
        "end": {
          "line": 2,
          "column": 79
        }
      },
      "1": {
        "start": {
          "line": 3,
          "column": 19
        },
        "end": {
          "line": 3,
          "column": 81
        }
      },
      "2": {
        "start": {
          "line": 6,
          "column": 1
        },
        "end": {
          "line": 25,
          "column": 2
        }
      },
      "3": {
        "start": {
          "line": 8,
          "column": 18
        },
        "end": {
          "line": 8,
          "column": 37
        }
      },
      "4": {
        "start": {
          "line": 9,
          "column": 2
        },
        "end": {
          "line": 9,
          "column": 28
        }
      },
      "5": {
        "start": {
          "line": 9,
          "column": 16
        },
        "end": {
          "line": 9,
          "column": 28
        }
      },
      "6": {
        "start": {
          "line": 11,
          "column": 17
        },
        "end": {
          "line": 11,
          "column": 62
        }
      },
      "7": {
        "start": {
          "line": 12,
          "column": 18
        },
        "end": {
          "line": 12,
          "column": 42
        }
      },
      "8": {
        "start": {
          "line": 14,
          "column": 15
        },
        "end": {
          "line": 14,
          "column": 53
        }
      },
      "9": {
        "start": {
          "line": 15,
          "column": 15
        },
        "end": {
          "line": 15,
          "column": 53
        }
      },
      "10": {
        "start": {
          "line": 16,
          "column": 2
        },
        "end": {
          "line": 18,
          "column": 3
        }
      },
      "11": {
        "start": {
          "line": 17,
          "column": 3
        },
        "end": {
          "line": 17,
          "column": 15
        }
      },
      "12": {
        "start": {
          "line": 19,
          "column": 2
        },
        "end": {
          "line": 22,
          "column": 4
        }
      },
      "13": {
        "start": {
          "line": 24,
          "column": 2
        },
        "end": {
          "line": 24,
          "column": 14
        }
      }
    },
    "fnMap": {
      "0": {
        "name": "decodeToken",
        "decl": {
          "start": {
            "line": 5,
            "column": 16
          },
          "end": {
            "line": 5,
            "column": 27
          }
        },
        "loc": {
          "start": {
            "line": 5,
            "column": 35
          },
          "end": {
            "line": 26,
            "column": 1
          }
        },
        "line": 5
      }
    },
    "branchMap": {
      "0": {
        "loc": {
          "start": {
            "line": 9,
            "column": 2
          },
          "end": {
            "line": 9,
            "column": 28
          }
        },
        "type": "if",
        "locations": [
          {
            "start": {
              "line": 9,
              "column": 2
            },
            "end": {
              "line": 9,
              "column": 28
            }
          },
          {
            "start": {},
            "end": {}
          }
        ],
        "line": 9
      },
      "1": {
        "loc": {
          "start": {
            "line": 14,
            "column": 15
          },
          "end": {
            "line": 14,
            "column": 53
          }
        },
        "type": "binary-expr",
        "locations": [
          {
            "start": {
              "line": 14,
              "column": 15
            },
            "end": {
              "line": 14,
              "column": 34
            }
          },
          {
            "start": {
              "line": 14,
              "column": 38
            },
            "end": {
              "line": 14,
              "column": 53
            }
          }
        ],
        "line": 14
      },
      "2": {
        "loc": {
          "start": {
            "line": 15,
            "column": 15
          },
          "end": {
            "line": 15,
            "column": 53
          }
        },
        "type": "binary-expr",
        "locations": [
          {
            "start": {
              "line": 15,
              "column": 15
            },
            "end": {
              "line": 15,
              "column": 34
            }
          },
          {
            "start": {
              "line": 15,
              "column": 38
            },
            "end": {
              "line": 15,
              "column": 53
            }
          }
        ],
        "line": 15
      },
      "3": {
        "loc": {
          "start": {
            "line": 16,
            "column": 2
          },
          "end": {
            "line": 18,
            "column": 3
          }
        },
        "type": "if",
        "locations": [
          {
            "start": {
              "line": 16,
              "column": 2
            },
            "end": {
              "line": 18,
              "column": 3
            }
          },
          {
            "start": {},
            "end": {}
          }
        ],
        "line": 16
      },
      "4": {
        "loc": {
          "start": {
            "line": 16,
            "column": 6
          },
          "end": {
            "line": 16,
            "column": 58
          }
        },
        "type": "binary-expr",
        "locations": [
          {
            "start": {
              "line": 16,
              "column": 6
            },
            "end": {
              "line": 16,
              "column": 30
            }
          },
          {
            "start": {
              "line": 16,
              "column": 34
            },
            "end": {
              "line": 16,
              "column": 58
            }
          }
        ],
        "line": 16
      }
    },
    "s": {
      "0": 2,
      "1": 2,
      "2": 0,
      "3": 0,
      "4": 0,
      "5": 0,
      "6": 0,
      "7": 0,
      "8": 0,
      "9": 0,
      "10": 0,
      "11": 0,
      "12": 0,
      "13": 0
    },
    "f": {
      "0": 0
    },
    "b": {
      "0": [
        0,
        0
      ],
      "1": [
        0,
        0
      ],
      "2": [
        0,
        0
      ],
      "3": [
        0,
        0
      ],
      "4": [
        0,
        0
      ]
    },
    "inputSourceMap": {
      "mappings": ";AACA,MAAM,aAAa;AACnB,MAAM,aAAa;;AAanB,OAAO,SAAS,YAAY,OAAgC;CAC1D,IAAI;;EAEF,MAAM,UAAU,MAAM,MAAM,GAAG,CAAC,CAAC;EACjC,IAAI,CAAC,SAAS,OAAO;;EAGrB,MAAM,SAAS,QAAQ,QAAQ,MAAM,GAAG,CAAC,CAAC,QAAQ,MAAM,GAAG;EAC3D,MAAM,UAAU,KAAK,MAAM,KAAK,MAAM,CAAC;;EAGvC,MAAM,OAAO,QAAQ,eAAe,QAAQ;EAC5C,MAAM,OAAO,QAAQ,eAAe,QAAQ;EAE5C,IAAI,OAAO,SAAS,YAAY,OAAO,SAAS,UAAU;GACxD,OAAO;EACT;EAEA,OAAO;GAAE;GAAM;EAAK;CACtB,QAAQ;EACN,OAAO;CACT;AACF",
      "names": [],
      "sources": [
        "C:/Users/MasterDigimon/OneDrive/Documentos/Proyectos/REVATURE TRAINING/T4-FantasyWorldCinema/client/cinema/src/auth/jwt.ts"
      ],
      "version": 3
    },
    "_coverageSchema": "1a1c01bbd47fc00a2c39e90264f33305004495a9",
    "hash": "f097367b7bbb858b1aef084552727cf437115c68"
  },
  "C:/Users/MasterDigimon/OneDrive/Documentos/Proyectos/REVATURE TRAINING/T4-FantasyWorldCinema/client/cinema/src/auth/authReducer.ts": {
    "path": "C:/Users/MasterDigimon/OneDrive/Documentos/Proyectos/REVATURE TRAINING/T4-FantasyWorldCinema/client/cinema/src/auth/authReducer.ts",
    "statementMap": {
      "0": {
        "start": {
          "line": 1,
          "column": 32
        },
        "end": {
          "line": 5,
          "column": 1
        }
      },
      "1": {
        "start": {
          "line": 7,
          "column": 1
        },
        "end": {
          "line": 25,
          "column": 2
        }
      },
      "2": {
        "start": {
          "line": 8,
          "column": 22
        },
        "end": {
          "line": 12,
          "column": 4
        }
      },
      "3": {
        "start": {
          "line": 13,
          "column": 24
        },
        "end": {
          "line": 17,
          "column": 4
        }
      },
      "4": {
        "start": {
          "line": 18,
          "column": 24
        },
        "end": {
          "line": 22,
          "column": 4
        }
      },
      "5": {
        "start": {
          "line": 23,
          "column": 17
        },
        "end": {
          "line": 23,
          "column": 48
        }
      },
      "6": {
        "start": {
          "line": 24,
          "column": 11
        },
        "end": {
          "line": 24,
          "column": 24
        }
      }
    },
    "fnMap": {
      "0": {
        "name": "authReducer",
        "decl": {
          "start": {
            "line": 6,
            "column": 16
          },
          "end": {
            "line": 6,
            "column": 27
          }
        },
        "loc": {
          "start": {
            "line": 6,
            "column": 43
          },
          "end": {
            "line": 26,
            "column": 1
          }
        },
        "line": 6
      }
    },
    "branchMap": {
      "0": {
        "loc": {
          "start": {
            "line": 7,
            "column": 1
          },
          "end": {
            "line": 25,
            "column": 2
          }
        },
        "type": "switch",
        "locations": [
          {
            "start": {
              "line": 8,
              "column": 2
            },
            "end": {
              "line": 12,
              "column": 4
            }
          },
          {
            "start": {
              "line": 13,
              "column": 2
            },
            "end": {
              "line": 17,
              "column": 4
            }
          },
          {
            "start": {
              "line": 18,
              "column": 2
            },
            "end": {
              "line": 22,
              "column": 4
            }
          },
          {
            "start": {
              "line": 23,
              "column": 2
            },
            "end": {
              "line": 23,
              "column": 48
            }
          },
          {
            "start": {
              "line": 24,
              "column": 2
            },
            "end": {
              "line": 24,
              "column": 24
            }
          }
        ],
        "line": 7
      }
    },
    "s": {
      "0": 2,
      "1": 0,
      "2": 0,
      "3": 0,
      "4": 0,
      "5": 0,
      "6": 0
    },
    "f": {
      "0": 0
    },
    "b": {
      "0": [
        0,
        0,
        0,
        0,
        0
      ]
    },
    "inputSourceMap": {
      "mappings": "AAcA,OAAO,MAAM,mBAA8B;CACvC,QAAQ;CACR,MAAM;CACN,OAAO;AACX;AAEA,OAAO,SAAS,YAAY,OAAkB,QAA+B;CACzE,QAAQ,OAAO,MAAf;EACI,KAAK,eACD,OAAO;GAAE,GAAG;GAAO,QAAQ;GAAkB,OAAO;EAAK;EAE7D,KAAK,iBACD,OAAO;GAAE,QAAQ;GAAiB,MAAM,OAAO;GAAM,OAAO;EAAK;EAErE,KAAK,iBACD,OAAO;GAAE,QAAQ;GAAS,MAAM;GAAM,OAAO,OAAO;EAAM;EAE9D,KAAK,UACD,OAAO,EAAE,GAAG,iBAAiB;EAEjC,SACI,OAAO;CACf;AACJ",
      "names": [],
      "sources": [
        "C:/Users/MasterDigimon/OneDrive/Documentos/Proyectos/REVATURE TRAINING/T4-FantasyWorldCinema/client/cinema/src/auth/authReducer.ts"
      ],
      "version": 3
    },
    "_coverageSchema": "1a1c01bbd47fc00a2c39e90264f33305004495a9",
    "hash": "b39547014213aa71492cb274a0d42d5c2049735e"
  },
  "C:/Users/MasterDigimon/OneDrive/Documentos/Proyectos/REVATURE TRAINING/T4-FantasyWorldCinema/client/cinema/src/auth/AuthContext.tsx": {
    "path": "C:/Users/MasterDigimon/OneDrive/Documentos/Proyectos/REVATURE TRAINING/T4-FantasyWorldCinema/client/cinema/src/auth/AuthContext.tsx",
    "statementMap": {
      "0": {
        "start": {
          "line": 6,
          "column": 19
        },
        "end": {
          "line": 6,
          "column": 152
        }
      },
      "1": {
        "start": {
          "line": 8,
          "column": 9
        },
        "end": {
          "line": 8,
          "column": 23
        }
      },
      "2": {
        "start": {
          "line": 9,
          "column": 27
        },
        "end": {
          "line": 9,
          "column": 46
        }
      },
      "3": {
        "start": {
          "line": 10,
          "column": 0
        },
        "end": {
          "line": 10,
          "column": 17
        }
      },
      "4": {
        "start": {
          "line": 12,
          "column": 15
        },
        "end": {
          "line": 12,
          "column": 25
        }
      },
      "5": {
        "start": {
          "line": 13,
          "column": 14
        },
        "end": {
          "line": 13,
          "column": 47
        }
      },
      "6": {
        "start": {
          "line": 14,
          "column": 1
        },
        "end": {
          "line": 14,
          "column": 36
        }
      },
      "7": {
        "start": {
          "line": 14,
          "column": 12
        },
        "end": {
          "line": 14,
          "column": 36
        }
      },
      "8": {
        "start": {
          "line": 15,
          "column": 1
        },
        "end": {
          "line": 19,
          "column": 3
        }
      },
      "9": {
        "start": {
          "line": 24,
          "column": 1
        },
        "end": {
          "line": 24,
          "column": 6
        }
      },
      "10": {
        "start": {
          "line": 26,
          "column": 27
        },
        "end": {
          "line": 26,
          "column": 76
        }
      },
      "11": {
        "start": {
          "line": 29,
          "column": 2
        },
        "end": {
          "line": 29,
          "column": 36
        }
      },
      "12": {
        "start": {
          "line": 30,
          "column": 2
        },
        "end": {
          "line": 47,
          "column": 3
        }
      },
      "13": {
        "start": {
          "line": 31,
          "column": 17
        },
        "end": {
          "line": 31,
          "column": 57
        }
      },
      "14": {
        "start": {
          "line": 32,
          "column": 16
        },
        "end": {
          "line": 32,
          "column": 34
        }
      },
      "15": {
        "start": {
          "line": 33,
          "column": 3
        },
        "end": {
          "line": 33,
          "column": 63
        }
      },
      "16": {
        "start": {
          "line": 33,
          "column": 14
        },
        "end": {
          "line": 33,
          "column": 63
        }
      },
      "17": {
        "start": {
          "line": 35,
          "column": 3
        },
        "end": {
          "line": 35,
          "column": 19
        }
      },
      "18": {
        "start": {
          "line": 36,
          "column": 3
        },
        "end": {
          "line": 39,
          "column": 6
        }
      },
      "19": {
        "start": {
          "line": 40,
          "column": 3
        },
        "end": {
          "line": 40,
          "column": 15
        }
      },
      "20": {
        "start": {
          "line": 42,
          "column": 3
        },
        "end": {
          "line": 45,
          "column": 6
        }
      },
      "21": {
        "start": {
          "line": 46,
          "column": 3
        },
        "end": {
          "line": 46,
          "column": 16
        }
      },
      "22": {
        "start": {
          "line": 50,
          "column": 2
        },
        "end": {
          "line": 50,
          "column": 36
        }
      },
      "23": {
        "start": {
          "line": 51,
          "column": 2
        },
        "end": {
          "line": 61,
          "column": 3
        }
      },
      "24": {
        "start": {
          "line": 52,
          "column": 3
        },
        "end": {
          "line": 52,
          "column": 62
        }
      },
      "25": {
        "start": {
          "line": 53,
          "column": 3
        },
        "end": {
          "line": 53,
          "column": 32
        }
      },
      "26": {
        "start": {
          "line": 54,
          "column": 3
        },
        "end": {
          "line": 54,
          "column": 15
        }
      },
      "27": {
        "start": {
          "line": 56,
          "column": 3
        },
        "end": {
          "line": 59,
          "column": 6
        }
      },
      "28": {
        "start": {
          "line": 60,
          "column": 3
        },
        "end": {
          "line": 60,
          "column": 16
        }
      },
      "29": {
        "start": {
          "line": 64,
          "column": 2
        },
        "end": {
          "line": 64,
          "column": 15
        }
      },
      "30": {
        "start": {
          "line": 65,
          "column": 2
        },
        "end": {
          "line": 65,
          "column": 31
        }
      },
      "31": {
        "start": {
          "line": 67,
          "column": 1
        },
        "end": {
          "line": 79,
          "column": 10
        }
      },
      "32": {
        "start": {
          "line": 81,
          "column": 0
        },
        "end": {
          "line": 81,
          "column": 49
        }
      },
      "33": {
        "start": {
          "line": 82,
          "column": 0
        },
        "end": {
          "line": 82,
          "column": 19
        }
      },
      "34": {
        "start": {
          "line": 84,
          "column": 0
        },
        "end": {
          "line": 84,
          "column": 32
        }
      },
      "35": {
        "start": {
          "line": 85,
          "column": 0
        },
        "end": {
          "line": 85,
          "column": 34
        }
      },
      "36": {
        "start": {
          "line": 87,
          "column": 20
        },
        "end": {
          "line": 87,
          "column": 97
        }
      },
      "37": {
        "start": {
          "line": 89,
          "column": 0
        },
        "end": {
          "line": 105,
          "column": 1
        }
      },
      "38": {
        "start": {
          "line": 90,
          "column": 2
        },
        "end": {
          "line": 94,
          "column": 3
        }
      },
      "39": {
        "start": {
          "line": 91,
          "column": 4
        },
        "end": {
          "line": 93,
          "column": 6
        }
      },
      "40": {
        "start": {
          "line": 96,
          "column": 25
        },
        "end": {
          "line": 96,
          "column": 52
        }
      },
      "41": {
        "start": {
          "line": 97,
          "column": 2
        },
        "end": {
          "line": 104,
          "column": 5
        }
      },
      "42": {
        "start": {
          "line": 98,
          "column": 4
        },
        "end": {
          "line": 98,
          "column": 201
        }
      },
      "43": {
        "start": {
          "line": 99,
          "column": 4
        },
        "end": {
          "line": 103,
          "column": 7
        }
      },
      "44": {
        "start": {
          "line": 100,
          "column": 6
        },
        "end": {
          "line": 100,
          "column": 31
        }
      },
      "45": {
        "start": {
          "line": 100,
          "column": 24
        },
        "end": {
          "line": 100,
          "column": 31
        }
      },
      "46": {
        "start": {
          "line": 101,
          "column": 32
        },
        "end": {
          "line": 101,
          "column": 250
        }
      },
      "47": {
        "start": {
          "line": 102,
          "column": 6
        },
        "end": {
          "line": 102,
          "column": 75
        }
      },
      "48": {
        "start": {
          "line": 102,
          "column": 29
        },
        "end": {
          "line": 102,
          "column": 75
        }
      },
      "49": {
        "start": {
          "line": 106,
          "column": 34
        },
        "end": {
          "line": 106,
          "column": 217
        }
      },
      "50": {
        "start": {
          "line": 107,
          "column": 26
        },
        "end": {
          "line": 107,
          "column": 86
        }
      }
    },
    "fnMap": {
      "0": {
        "name": "initAuthState",
        "decl": {
          "start": {
            "line": 11,
            "column": 9
          },
          "end": {
            "line": 11,
            "column": 22
          }
        },
        "loc": {
          "start": {
            "line": 11,
            "column": 25
          },
          "end": {
            "line": 20,
            "column": 1
          }
        },
        "line": 11
      },
      "1": {
        "name": "AuthProvider",
        "decl": {
          "start": {
            "line": 23,
            "column": 16
          },
          "end": {
            "line": 23,
            "column": 28
          }
        },
        "loc": {
          "start": {
            "line": 23,
            "column": 43
          },
          "end": {
            "line": 80,
            "column": 1
          }
        },
        "line": 23
      },
      "2": {
        "name": "login",
        "decl": {
          "start": {
            "line": 28,
            "column": 16
          },
          "end": {
            "line": 28,
            "column": 21
          }
        },
        "loc": {
          "start": {
            "line": 28,
            "column": 44
          },
          "end": {
            "line": 48,
            "column": 2
          }
        },
        "line": 28
      },
      "3": {
        "name": "register",
        "decl": {
          "start": {
            "line": 49,
            "column": 16
          },
          "end": {
            "line": 49,
            "column": 24
          }
        },
        "loc": {
          "start": {
            "line": 49,
            "column": 62
          },
          "end": {
            "line": 62,
            "column": 2
          }
        },
        "line": 49
      },
      "4": {
        "name": "logout",
        "decl": {
          "start": {
            "line": 63,
            "column": 10
          },
          "end": {
            "line": 63,
            "column": 16
          }
        },
        "loc": {
          "start": {
            "line": 63,
            "column": 19
          },
          "end": {
            "line": 66,
            "column": 2
          }
        },
        "line": 63
      },
      "5": {
        "name": "(anonymous_5)",
        "decl": {
          "start": {
            "line": 97,
            "column": 17
          },
          "end": {
            "line": 97,
            "column": 18
          }
        },
        "loc": {
          "start": {
            "line": 97,
            "column": 23
          },
          "end": {
            "line": 104,
            "column": 3
          }
        },
        "line": 97
      },
      "6": {
        "name": "(anonymous_6)",
        "decl": {
          "start": {
            "line": 99,
            "column": 27
          },
          "end": {
            "line": 99,
            "column": 28
          }
        },
        "loc": {
          "start": {
            "line": 99,
            "column": 44
          },
          "end": {
            "line": 103,
            "column": 5
          }
        },
        "line": 99
      },
      "7": {
        "name": "$RefreshReg$",
        "decl": {
          "start": {
            "line": 106,
            "column": 9
          },
          "end": {
            "line": 106,
            "column": 21
          }
        },
        "loc": {
          "start": {
            "line": 106,
            "column": 32
          },
          "end": {
            "line": 106,
            "column": 219
          }
        },
        "line": 106
      },
      "8": {
        "name": "$RefreshSig$",
        "decl": {
          "start": {
            "line": 107,
            "column": 9
          },
          "end": {
            "line": 107,
            "column": 21
          }
        },
        "loc": {
          "start": {
            "line": 107,
            "column": 24
          },
          "end": {
            "line": 107,
            "column": 88
          }
        },
        "line": 107
      }
    },
    "branchMap": {
      "0": {
        "loc": {
          "start": {
            "line": 13,
            "column": 14
          },
          "end": {
            "line": 13,
            "column": 47
          }
        },
        "type": "cond-expr",
        "locations": [
          {
            "start": {
              "line": 13,
              "column": 22
            },
            "end": {
              "line": 13,
              "column": 40
            }
          },
          {
            "start": {
              "line": 13,
              "column": 43
            },
            "end": {
              "line": 13,
              "column": 47
            }
          }
        ],
        "line": 13
      },
      "1": {
        "loc": {
          "start": {
            "line": 14,
            "column": 1
          },
          "end": {
            "line": 14,
            "column": 36
          }
        },
        "type": "if",
        "locations": [
          {
            "start": {
              "line": 14,
              "column": 1
            },
            "end": {
              "line": 14,
              "column": 36
            }
          },
          {
            "start": {},
            "end": {}
          }
        ],
        "line": 14
      },
      "2": {
        "loc": {
          "start": {
            "line": 33,
            "column": 3
          },
          "end": {
            "line": 33,
            "column": 63
          }
        },
        "type": "if",
        "locations": [
          {
            "start": {
              "line": 33,
              "column": 3
            },
            "end": {
              "line": 33,
              "column": 63
            }
          },
          {
            "start": {},
            "end": {}
          }
        ],
        "line": 33
      },
      "3": {
        "loc": {
          "start": {
            "line": 87,
            "column": 20
          },
          "end": {
            "line": 87,
            "column": 97
          }
        },
        "type": "binary-expr",
        "locations": [
          {
            "start": {
              "line": 87,
              "column": 20
            },
            "end": {
              "line": 87,
              "column": 60
            }
          },
          {
            "start": {
              "line": 87,
              "column": 64
            },
            "end": {
              "line": 87,
              "column": 97
            }
          }
        ],
        "line": 87
      },
      "4": {
        "loc": {
          "start": {
            "line": 89,
            "column": 0
          },
          "end": {
            "line": 105,
            "column": 1
          }
        },
        "type": "if",
        "locations": [
          {
            "start": {
              "line": 89,
              "column": 0
            },
            "end": {
              "line": 105,
              "column": 1
            }
          },
          {
            "start": {},
            "end": {}
          }
        ],
        "line": 89
      },
      "5": {
        "loc": {
          "start": {
            "line": 89,
            "column": 4
          },
          "end": {
            "line": 89,
            "column": 35
          }
        },
        "type": "binary-expr",
        "locations": [
          {
            "start": {
              "line": 89,
              "column": 4
            },
            "end": {
              "line": 89,
              "column": 19
            }
          },
          {
            "start": {
              "line": 89,
              "column": 23
            },
            "end": {
              "line": 89,
              "column": 35
            }
          }
        ],
        "line": 89
      },
      "6": {
        "loc": {
          "start": {
            "line": 90,
            "column": 2
          },
          "end": {
            "line": 94,
            "column": 3
          }
        },
        "type": "if",
        "locations": [
          {
            "start": {
              "line": 90,
              "column": 2
            },
            "end": {
              "line": 94,
              "column": 3
            }
          },
          {
            "start": {},
            "end": {}
          }
        ],
        "line": 90
      },
      "7": {
        "loc": {
          "start": {
            "line": 100,
            "column": 6
          },
          "end": {
            "line": 100,
            "column": 31
          }
        },
        "type": "if",
        "locations": [
          {
            "start": {
              "line": 100,
              "column": 6
            },
            "end": {
              "line": 100,
              "column": 31
            }
          },
          {
            "start": {},
            "end": {}
          }
        ],
        "line": 100
      },
      "8": {
        "loc": {
          "start": {
            "line": 102,
            "column": 6
          },
          "end": {
            "line": 102,
            "column": 75
          }
        },
        "type": "if",
        "locations": [
          {
            "start": {
              "line": 102,
              "column": 6
            },
            "end": {
              "line": 102,
              "column": 75
            }
          },
          {
            "start": {},
            "end": {}
          }
        ],
        "line": 102
      }
    },
    "s": {
      "0": 2,
      "1": 2,
      "2": 2,
      "3": 2,
      "4": 8,
      "5": 8,
      "6": 8,
      "7": 8,
      "8": 0,
      "9": 8,
      "10": 8,
      "11": 0,
      "12": 0,
      "13": 0,
      "14": 0,
      "15": 0,
      "16": 0,
      "17": 0,
      "18": 0,
      "19": 0,
      "20": 0,
      "21": 0,
      "22": 0,
      "23": 0,
      "24": 0,
      "25": 0,
      "26": 0,
      "27": 0,
      "28": 0,
      "29": 0,
      "30": 0,
      "31": 8,
      "32": 2,
      "33": 2,
      "34": 2,
      "35": 2,
      "36": 2,
      "37": 2,
      "38": 2,
      "39": 0,
      "40": 2,
      "41": 2,
      "42": 2,
      "43": 2,
      "44": 0,
      "45": 0,
      "46": 0,
      "47": 0,
      "48": 0,
      "49": 4,
      "50": 2
    },
    "f": {
      "0": 8,
      "1": 8,
      "2": 0,
      "3": 0,
      "4": 0,
      "5": 2,
      "6": 0,
      "7": 4,
      "8": 2
    },
    "b": {
      "0": [
        0,
        8
      ],
      "1": [
        8,
        0
      ],
      "2": [
        0,
        0
      ],
      "3": [
        2,
        0
      ],
      "4": [
        2,
        0
      ],
      "5": [
        2,
        2
      ],
      "6": [
        0,
        2
      ],
      "7": [
        0,
        0
      ],
      "8": [
        0,
        0
      ]
    },
    "inputSourceMap": {
      "mappings": "AAAA,SAAS,eAAe,kBAAkB;AAE1C,SAAS,SAAS,cAAc,YAAY,uBAAuB;AACnE,SAAS,mBAAmB;AAC5B,SAAS,UAAU,UAAU,kBAAkB;AAC/C,SAAS,aAAa,wBAAwB;;;;AAY9C,OAAO,MAAM,cAAc,cAAuC,IAAI;;AAEtE,SAAS,gBAA2B;CAChC,MAAM,QAAQ,SAAS;CACvB,MAAM,OAAO,QAAQ,YAAY,KAAK,IAAI;CAE1C,IAAI,CAAC,MAAM,OAAO;CAElB,OAAO;EAAE,QAAQ;EAAiB;EAAM,OAAO;CAAK;AACxD;;;AAIA,OAAO,SAAS,aAAa,EAAE,YAAqC;;;CAGhE,MAAM,CAAC,OAAO,YAAY,WAAW,aAAa,WAAW,aAAa;;CAG1E,eAAe,MAAM,YAAoB,UAAoC;EAEzE,SAAS,EAAE,MAAM,cAAc,CAAC;EAEhC,IAAI;GACA,MAAM,QAAQ,MAAM,aAAa,YAAY,QAAQ;GACrD,MAAM,OAAO,YAAY,KAAK;GAE9B,IAAI,CAAC,MAAM,MAAM,IAAI,MAAM,+BAA+B;;GAG1D,SAAS,KAAK;GACd,SAAS;IAAE,MAAM;IAAiB;GAAK,CAAC;GACxC,OAAO;EAEX,QAAQ;GACJ,SAAS;IAAE,MAAM;IAAiB,OAAO;GAAsC,CAAC;GAChF,OAAO;EACX;CACJ;CAEA,eAAe,SAAS,UAAkB,UAAkB,OAAe,UAAoC;EAC3G,SAAS,EAAE,MAAM,cAAc,CAAC;EAChC,IAAI;GACA,MAAM,gBAAgB,UAAU,UAAU,OAAO,QAAQ;GAEzD,SAAS,EAAE,MAAM,SAAS,CAAC;GAC3B,OAAO;EACX,QACM;GACF,SAAS;IAAE,MAAM;IAAiB,OAAO;GAAsC,CAAC;GAChF,OAAO;EACX;CACJ;CAEA,SAAS,SAAS;EACd,WAAW;EACX,SAAS,EAAE,MAAM,SAAS,CAAC;CAC/B;CAEA,OACI,wBAAC,YAAY,UAAb;EAAsB,OAAO;GAAE,GAAG;GAAO;GAAO;GAAQ;EAAS;YAAjE,CACK,UAAS,GACQ;;;;;;AAE9B",
      "names": [],
      "sources": [
        "C:/Users/MasterDigimon/OneDrive/Documentos/Proyectos/REVATURE TRAINING/T4-FantasyWorldCinema/client/cinema/src/auth/AuthContext.tsx"
      ],
      "version": 3
    },
    "_coverageSchema": "1a1c01bbd47fc00a2c39e90264f33305004495a9",
    "hash": "ffac8a43d7faa654189a6684133a5eb845a54dce"
  },
  "C:/Users/MasterDigimon/OneDrive/Documentos/Proyectos/REVATURE TRAINING/T4-FantasyWorldCinema/client/cinema/src/api/Cinema.ts": {
    "path": "C:/Users/MasterDigimon/OneDrive/Documentos/Proyectos/REVATURE TRAINING/T4-FantasyWorldCinema/client/cinema/src/api/Cinema.ts",
    "statementMap": {
      "0": {
        "start": {
          "line": 3,
          "column": 18
        },
        "end": {
          "line": 3,
          "column": 42
        }
      },
      "1": {
        "start": {
          "line": 4,
          "column": 1
        },
        "end": {
          "line": 4,
          "column": 22
        }
      },
      "2": {
        "start": {
          "line": 7,
          "column": 18
        },
        "end": {
          "line": 7,
          "column": 53
        }
      },
      "3": {
        "start": {
          "line": 8,
          "column": 1
        },
        "end": {
          "line": 8,
          "column": 22
        }
      },
      "4": {
        "start": {
          "line": 10,
          "column": 34
        },
        "end": {
          "line": 14,
          "column": 1
        }
      },
      "5": {
        "start": {
          "line": 11,
          "column": 18
        },
        "end": {
          "line": 11,
          "column": 101
        }
      },
      "6": {
        "start": {
          "line": 12,
          "column": 1
        },
        "end": {
          "line": 12,
          "column": 72
        }
      },
      "7": {
        "start": {
          "line": 12,
          "column": 30
        },
        "end": {
          "line": 12,
          "column": 72
        }
      },
      "8": {
        "start": {
          "line": 13,
          "column": 1
        },
        "end": {
          "line": 13,
          "column": 22
        }
      },
      "9": {
        "start": {
          "line": 15,
          "column": 45
        },
        "end": {
          "line": 18,
          "column": 1
        }
      },
      "10": {
        "start": {
          "line": 16,
          "column": 18
        },
        "end": {
          "line": 16,
          "column": 112
        }
      },
      "11": {
        "start": {
          "line": 17,
          "column": 1
        },
        "end": {
          "line": 17,
          "column": 22
        }
      }
    },
    "fnMap": {
      "0": {
        "name": "getCinemas",
        "decl": {
          "start": {
            "line": 2,
            "column": 22
          },
          "end": {
            "line": 2,
            "column": 32
          }
        },
        "loc": {
          "start": {
            "line": 2,
            "column": 35
          },
          "end": {
            "line": 5,
            "column": 1
          }
        },
        "line": 2
      },
      "1": {
        "name": "getCinemasByMovie",
        "decl": {
          "start": {
            "line": 6,
            "column": 22
          },
          "end": {
            "line": 6,
            "column": 39
          }
        },
        "loc": {
          "start": {
            "line": 6,
            "column": 49
          },
          "end": {
            "line": 9,
            "column": 1
          }
        },
        "line": 6
      },
      "2": {
        "name": "(anonymous_2)",
        "decl": {
          "start": {
            "line": 10,
            "column": 34
          },
          "end": {
            "line": 10,
            "column": 35
          }
        },
        "loc": {
          "start": {
            "line": 10,
            "column": 64
          },
          "end": {
            "line": 14,
            "column": 1
          }
        },
        "line": 10
      },
      "3": {
        "name": "(anonymous_3)",
        "decl": {
          "start": {
            "line": 15,
            "column": 45
          },
          "end": {
            "line": 15,
            "column": 46
          }
        },
        "loc": {
          "start": {
            "line": 15,
            "column": 75
          },
          "end": {
            "line": 18,
            "column": 1
          }
        },
        "line": 15
      }
    },
    "branchMap": {
      "0": {
        "loc": {
          "start": {
            "line": 12,
            "column": 1
          },
          "end": {
            "line": 12,
            "column": 72
          }
        },
        "type": "if",
        "locations": [
          {
            "start": {
              "line": 12,
              "column": 1
            },
            "end": {
              "line": 12,
              "column": 72
            }
          },
          {
            "start": {},
            "end": {}
          }
        ],
        "line": 12
      }
    },
    "s": {
      "0": 4,
      "1": 4,
      "2": 0,
      "3": 0,
      "4": 2,
      "5": 0,
      "6": 0,
      "7": 0,
      "8": 0,
      "9": 2,
      "10": 0,
      "11": 0
    },
    "f": {
      "0": 4,
      "1": 0,
      "2": 0,
      "3": 0
    },
    "b": {
      "0": [
        0,
        0
      ]
    },
    "inputSourceMap": {
      "mappings": "AAAA,SAAS,WAAW;AAGpB,OAAO,eAAe,aAAqC;CACvD,MAAM,WAAW,MAAM,IAAI,IAAkB,SAAS;CACtD,OAAO,SAAS;AACpB;AAEA,OAAO,eAAe,kBAAmB,SAAwC;CAC7E,MAAM,WAAW,MAAM,IAAI,IAAkB,WAAW,SAAS;CACjE,OAAO,SAAS;AACpB;AAEA,OAAO,MAAM,qBAAqB,OAAO,WAAmB,YAA2C;CACnG,MAAM,WAAW,MAAM,IAAI,IAAI,sCAAsC,UAAU,WAAW,SAAS;CACnG,IAAI,SAAS,WAAW,KAAK,MAAM,IAAI,MAAM,wBAAwB;CACrE,OAAO,SAAS;AACpB;AAEA,OAAO,MAAM,gCAAgC,OAAO,WAAmB,YAAkC;CACrG,MAAM,WAAW,MAAM,IAAI,IAAI,iDAAiD,UAAU,WAAW,SAAS;CAC9G,OAAO,SAAS;AACpB",
      "names": [],
      "sources": [
        "C:/Users/MasterDigimon/OneDrive/Documentos/Proyectos/REVATURE TRAINING/T4-FantasyWorldCinema/client/cinema/src/api/Cinema.ts"
      ],
      "version": 3
    },
    "_coverageSchema": "1a1c01bbd47fc00a2c39e90264f33305004495a9",
    "hash": "b18270bc710b1e20822d9c74f8aa9312e79984f0"
  },
  "C:/Users/MasterDigimon/OneDrive/Documentos/Proyectos/REVATURE TRAINING/T4-FantasyWorldCinema/client/cinema/src/Components/CinemaSearchBar.tsx": {
    "path": "C:/Users/MasterDigimon/OneDrive/Documentos/Proyectos/REVATURE TRAINING/T4-FantasyWorldCinema/client/cinema/src/Components/CinemaSearchBar.tsx",
    "statementMap": {
      "0": {
        "start": {
          "line": 5,
          "column": 19
        },
        "end": {
          "line": 5,
          "column": 162
        }
      },
      "1": {
        "start": {
          "line": 7,
          "column": 9
        },
        "end": {
          "line": 7,
          "column": 23
        }
      },
      "2": {
        "start": {
          "line": 9,
          "column": 1
        },
        "end": {
          "line": 9,
          "column": 6
        }
      },
      "3": {
        "start": {
          "line": 10,
          "column": 18
        },
        "end": {
          "line": 10,
          "column": 31
        }
      },
      "4": {
        "start": {
          "line": 11,
          "column": 27
        },
        "end": {
          "line": 11,
          "column": 39
        }
      },
      "5": {
        "start": {
          "line": 12,
          "column": 49
        },
        "end": {
          "line": 12,
          "column": 63
        }
      },
      "6": {
        "start": {
          "line": 13,
          "column": 17
        },
        "end": {
          "line": 19,
          "column": 21
        }
      },
      "7": {
        "start": {
          "line": 14,
          "column": 2
        },
        "end": {
          "line": 18,
          "column": 6
        }
      },
      "8": {
        "start": {
          "line": 14,
          "column": 36
        },
        "end": {
          "line": 14,
          "column": 98
        }
      },
      "9": {
        "start": {
          "line": 14,
          "column": 117
        },
        "end": {
          "line": 18,
          "column": 3
        }
      },
      "10": {
        "start": {
          "line": 20,
          "column": 1
        },
        "end": {
          "line": 93,
          "column": 10
        }
      },
      "11": {
        "start": {
          "line": 55,
          "column": 25
        },
        "end": {
          "line": 55,
          "column": 40
        }
      },
      "12": {
        "start": {
          "line": 57,
          "column": 5
        },
        "end": {
          "line": 57,
          "column": 27
        }
      },
      "13": {
        "start": {
          "line": 58,
          "column": 5
        },
        "end": {
          "line": 58,
          "column": 43
        }
      },
      "14": {
        "start": {
          "line": 58,
          "column": 17
        },
        "end": {
          "line": 58,
          "column": 43
        }
      },
      "15": {
        "start": {
          "line": 61,
          "column": 5
        },
        "end": {
          "line": 61,
          "column": 21
        }
      },
      "16": {
        "start": {
          "line": 62,
          "column": 5
        },
        "end": {
          "line": 62,
          "column": 36
        }
      },
      "17": {
        "start": {
          "line": 72,
          "column": 19
        },
        "end": {
          "line": 72,
          "column": 58
        }
      },
      "18": {
        "start": {
          "line": 95,
          "column": 0
        },
        "end": {
          "line": 97,
          "column": 3
        }
      },
      "19": {
        "start": {
          "line": 96,
          "column": 1
        },
        "end": {
          "line": 96,
          "column": 22
        }
      },
      "20": {
        "start": {
          "line": 98,
          "column": 0
        },
        "end": {
          "line": 98,
          "column": 21
        }
      },
      "21": {
        "start": {
          "line": 100,
          "column": 0
        },
        "end": {
          "line": 100,
          "column": 36
        }
      },
      "22": {
        "start": {
          "line": 102,
          "column": 20
        },
        "end": {
          "line": 102,
          "column": 97
        }
      },
      "23": {
        "start": {
          "line": 104,
          "column": 0
        },
        "end": {
          "line": 120,
          "column": 1
        }
      },
      "24": {
        "start": {
          "line": 105,
          "column": 2
        },
        "end": {
          "line": 109,
          "column": 3
        }
      },
      "25": {
        "start": {
          "line": 106,
          "column": 4
        },
        "end": {
          "line": 108,
          "column": 6
        }
      },
      "26": {
        "start": {
          "line": 111,
          "column": 25
        },
        "end": {
          "line": 111,
          "column": 52
        }
      },
      "27": {
        "start": {
          "line": 112,
          "column": 2
        },
        "end": {
          "line": 119,
          "column": 5
        }
      },
      "28": {
        "start": {
          "line": 113,
          "column": 4
        },
        "end": {
          "line": 113,
          "column": 211
        }
      },
      "29": {
        "start": {
          "line": 114,
          "column": 4
        },
        "end": {
          "line": 118,
          "column": 7
        }
      },
      "30": {
        "start": {
          "line": 115,
          "column": 6
        },
        "end": {
          "line": 115,
          "column": 31
        }
      },
      "31": {
        "start": {
          "line": 115,
          "column": 24
        },
        "end": {
          "line": 115,
          "column": 31
        }
      },
      "32": {
        "start": {
          "line": 116,
          "column": 32
        },
        "end": {
          "line": 116,
          "column": 260
        }
      },
      "33": {
        "start": {
          "line": 117,
          "column": 6
        },
        "end": {
          "line": 117,
          "column": 75
        }
      },
      "34": {
        "start": {
          "line": 117,
          "column": 29
        },
        "end": {
          "line": 117,
          "column": 75
        }
      },
      "35": {
        "start": {
          "line": 121,
          "column": 34
        },
        "end": {
          "line": 121,
          "column": 227
        }
      },
      "36": {
        "start": {
          "line": 122,
          "column": 26
        },
        "end": {
          "line": 122,
          "column": 86
        }
      }
    },
    "fnMap": {
      "0": {
        "name": "CinemaSearchBar",
        "decl": {
          "start": {
            "line": 8,
            "column": 16
          },
          "end": {
            "line": 8,
            "column": 31
          }
        },
        "loc": {
          "start": {
            "line": 8,
            "column": 45
          },
          "end": {
            "line": 94,
            "column": 1
          }
        },
        "line": 8
      },
      "1": {
        "name": "(anonymous_1)",
        "decl": {
          "start": {
            "line": 13,
            "column": 25
          },
          "end": {
            "line": 13,
            "column": 26
          }
        },
        "loc": {
          "start": {
            "line": 13,
            "column": 31
          },
          "end": {
            "line": 19,
            "column": 2
          }
        },
        "line": 13
      },
      "2": {
        "name": "(anonymous_2)",
        "decl": {
          "start": {
            "line": 14,
            "column": 24
          },
          "end": {
            "line": 14,
            "column": 25
          }
        },
        "loc": {
          "start": {
            "line": 14,
            "column": 36
          },
          "end": {
            "line": 14,
            "column": 98
          }
        },
        "line": 14
      },
      "3": {
        "name": "(anonymous_3)",
        "decl": {
          "start": {
            "line": 14,
            "column": 104
          },
          "end": {
            "line": 14,
            "column": 105
          }
        },
        "loc": {
          "start": {
            "line": 14,
            "column": 117
          },
          "end": {
            "line": 18,
            "column": 3
          }
        },
        "line": 14
      },
      "4": {
        "name": "(anonymous_4)",
        "decl": {
          "start": {
            "line": 55,
            "column": 14
          },
          "end": {
            "line": 55,
            "column": 15
          }
        },
        "loc": {
          "start": {
            "line": 55,
            "column": 25
          },
          "end": {
            "line": 55,
            "column": 40
          }
        },
        "line": 55
      },
      "5": {
        "name": "(anonymous_5)",
        "decl": {
          "start": {
            "line": 56,
            "column": 14
          },
          "end": {
            "line": 56,
            "column": 15
          }
        },
        "loc": {
          "start": {
            "line": 56,
            "column": 25
          },
          "end": {
            "line": 59,
            "column": 5
          }
        },
        "line": 56
      },
      "6": {
        "name": "(anonymous_6)",
        "decl": {
          "start": {
            "line": 60,
            "column": 14
          },
          "end": {
            "line": 60,
            "column": 15
          }
        },
        "loc": {
          "start": {
            "line": 60,
            "column": 33
          },
          "end": {
            "line": 63,
            "column": 5
          }
        },
        "line": 60
      },
      "7": {
        "name": "(anonymous_7)",
        "decl": {
          "start": {
            "line": 72,
            "column": 13
          },
          "end": {
            "line": 72,
            "column": 14
          }
        },
        "loc": {
          "start": {
            "line": 72,
            "column": 19
          },
          "end": {
            "line": 72,
            "column": 58
          }
        },
        "line": 72
      },
      "8": {
        "name": "(anonymous_8)",
        "decl": {
          "start": {
            "line": 95,
            "column": 59
          },
          "end": {
            "line": 95,
            "column": 60
          }
        },
        "loc": {
          "start": {
            "line": 95,
            "column": 70
          },
          "end": {
            "line": 97,
            "column": 1
          }
        },
        "line": 95
      },
      "9": {
        "name": "(anonymous_9)",
        "decl": {
          "start": {
            "line": 112,
            "column": 17
          },
          "end": {
            "line": 112,
            "column": 18
          }
        },
        "loc": {
          "start": {
            "line": 112,
            "column": 23
          },
          "end": {
            "line": 119,
            "column": 3
          }
        },
        "line": 112
      },
      "10": {
        "name": "(anonymous_10)",
        "decl": {
          "start": {
            "line": 114,
            "column": 27
          },
          "end": {
            "line": 114,
            "column": 28
          }
        },
        "loc": {
          "start": {
            "line": 114,
            "column": 44
          },
          "end": {
            "line": 118,
            "column": 5
          }
        },
        "line": 114
      },
      "11": {
        "name": "$RefreshReg$",
        "decl": {
          "start": {
            "line": 121,
            "column": 9
          },
          "end": {
            "line": 121,
            "column": 21
          }
        },
        "loc": {
          "start": {
            "line": 121,
            "column": 32
          },
          "end": {
            "line": 121,
            "column": 229
          }
        },
        "line": 121
      },
      "12": {
        "name": "$RefreshSig$",
        "decl": {
          "start": {
            "line": 122,
            "column": 9
          },
          "end": {
            "line": 122,
            "column": 21
          }
        },
        "loc": {
          "start": {
            "line": 122,
            "column": 24
          },
          "end": {
            "line": 122,
            "column": 88
          }
        },
        "line": 122
      }
    },
    "branchMap": {
      "0": {
        "loc": {
          "start": {
            "line": 57,
            "column": 14
          },
          "end": {
            "line": 57,
            "column": 25
          }
        },
        "type": "binary-expr",
        "locations": [
          {
            "start": {
              "line": 57,
              "column": 14
            },
            "end": {
              "line": 57,
              "column": 19
            }
          },
          {
            "start": {
              "line": 57,
              "column": 23
            },
            "end": {
              "line": 57,
              "column": 25
            }
          }
        ],
        "line": 57
      },
      "1": {
        "loc": {
          "start": {
            "line": 58,
            "column": 5
          },
          "end": {
            "line": 58,
            "column": 43
          }
        },
        "type": "if",
        "locations": [
          {
            "start": {
              "line": 58,
              "column": 5
            },
            "end": {
              "line": 58,
              "column": 43
            }
          },
          {
            "start": {},
            "end": {}
          }
        ],
        "line": 58
      },
      "2": {
        "loc": {
          "start": {
            "line": 102,
            "column": 20
          },
          "end": {
            "line": 102,
            "column": 97
          }
        },
        "type": "binary-expr",
        "locations": [
          {
            "start": {
              "line": 102,
              "column": 20
            },
            "end": {
              "line": 102,
              "column": 60
            }
          },
          {
            "start": {
              "line": 102,
              "column": 64
            },
            "end": {
              "line": 102,
              "column": 97
            }
          }
        ],
        "line": 102
      },
      "3": {
        "loc": {
          "start": {
            "line": 104,
            "column": 0
          },
          "end": {
            "line": 120,
            "column": 1
          }
        },
        "type": "if",
        "locations": [
          {
            "start": {
              "line": 104,
              "column": 0
            },
            "end": {
              "line": 120,
              "column": 1
            }
          },
          {
            "start": {},
            "end": {}
          }
        ],
        "line": 104
      },
      "4": {
        "loc": {
          "start": {
            "line": 104,
            "column": 4
          },
          "end": {
            "line": 104,
            "column": 35
          }
        },
        "type": "binary-expr",
        "locations": [
          {
            "start": {
              "line": 104,
              "column": 4
            },
            "end": {
              "line": 104,
              "column": 19
            }
          },
          {
            "start": {
              "line": 104,
              "column": 23
            },
            "end": {
              "line": 104,
              "column": 35
            }
          }
        ],
        "line": 104
      },
      "5": {
        "loc": {
          "start": {
            "line": 105,
            "column": 2
          },
          "end": {
            "line": 109,
            "column": 3
          }
        },
        "type": "if",
        "locations": [
          {
            "start": {
              "line": 105,
              "column": 2
            },
            "end": {
              "line": 109,
              "column": 3
            }
          },
          {
            "start": {},
            "end": {}
          }
        ],
        "line": 105
      },
      "6": {
        "loc": {
          "start": {
            "line": 115,
            "column": 6
          },
          "end": {
            "line": 115,
            "column": 31
          }
        },
        "type": "if",
        "locations": [
          {
            "start": {
              "line": 115,
              "column": 6
            },
            "end": {
              "line": 115,
              "column": 31
            }
          },
          {
            "start": {},
            "end": {}
          }
        ],
        "line": 115
      },
      "7": {
        "loc": {
          "start": {
            "line": 117,
            "column": 6
          },
          "end": {
            "line": 117,
            "column": 75
          }
        },
        "type": "if",
        "locations": [
          {
            "start": {
              "line": 117,
              "column": 6
            },
            "end": {
              "line": 117,
              "column": 75
            }
          },
          {
            "start": {},
            "end": {}
          }
        ],
        "line": 117
      }
    },
    "s": {
      "0": 2,
      "1": 2,
      "2": 6,
      "3": 6,
      "4": 6,
      "5": 6,
      "6": 6,
      "7": 4,
      "8": 16,
      "9": 16,
      "10": 6,
      "11": 0,
      "12": 0,
      "13": 0,
      "14": 0,
      "15": 0,
      "16": 0,
      "17": 0,
      "18": 2,
      "19": 2,
      "20": 2,
      "21": 2,
      "22": 2,
      "23": 2,
      "24": 2,
      "25": 0,
      "26": 2,
      "27": 2,
      "28": 2,
      "29": 2,
      "30": 0,
      "31": 0,
      "32": 0,
      "33": 0,
      "34": 0,
      "35": 2,
      "36": 2
    },
    "f": {
      "0": 6,
      "1": 4,
      "2": 16,
      "3": 16,
      "4": 0,
      "5": 0,
      "6": 0,
      "7": 0,
      "8": 2,
      "9": 2,
      "10": 0,
      "11": 2,
      "12": 2
    },
    "b": {
      "0": [
        0,
        0
      ],
      "1": [
        0,
        0
      ],
      "2": [
        2,
        0
      ],
      "3": [
        2,
        0
      ],
      "4": [
        2,
        2
      ],
      "5": [
        0,
        2
      ],
      "6": [
        0,
        0
      ],
      "7": [
        0,
        0
      ]
    },
    "inputSourceMap": {
      "mappings": "AAAA,SAAS,mBAAmB;AAE5B,SAAS,UAAU,eAAe;AAClC,SAAS,cAAc,sBAAsB;AAC7C,SAAS,gBAAgB,qBAAqB;;;;AAM9C,OAAO,SAAS,gBAAgB,EAAE,WAAiC;;CAC/D,MAAM,WAAW,YAAY;CAC7B,MAAM,CAAC,OAAO,YAAY,SAAS,EAAE;CACrC,MAAM,CAAC,kBAAkB,uBAAuB,SAAwB,IAAI;CAE5E,MAAM,UAAU,cAAc;EAC1B,OAAO,QACF,QAAO,WACJ,OAAO,YACD,YAAY,CAAC,CACd,SAAS,MAAM,YAAY,CAAC,CACrC,CAAC,CACA,KAAI,YAAW;GAEZ,OAAO,OAAO;GACd,OAAO,OAAO;GACd,IAAI,OAAO;EACf,EAAE;CACV,GAAG,CAAC,SAAS,KAAK,CAAC;CAEnB,OACI,wBAAC,gBAAD;EACI,OAAO;GACH,OAAO;IACH,iBAAiB;IACjB,WAAW;GACf;GACA,YAAY,EACR,QAAQ;IACJ,kBAAkB;IAClB,aAAa;IACb,WAAW;IACX,sBAAsB;IACtB,cAAc;IACd,mBAAmB;IACnB,oBAAoB;IACpB,kBAAkB;IAClB,qBAAqB;;IAGrB,WAAW;IACX,gBAAgB;GACpB,EACJ;EACJ;YAEA,wBAAC,OAAD;GAAK,WAAU;aAAf,CACI,wBAAC,cAAD;IACI,WAAQ;IACR,MAAK;IACL,WAAU;IACV,aAAY;IACZ,OAAO;IACE;IACT,YAAY,EAAE,WAAW,wBAAC,eAAD,EAAe,OAAO,EAAE,UAAU,OAAO,EAAI;;;;aAAE;IACxE,WAAW,UAAU,SAAS,KAAK;IACnC,WAAW,UAAU;KACjB,SAAS,SAAS,EAAE;KACpB,IAAI,CAAC,OAAO,oBAAoB,IAAI;IACxC;IACA,WAAW,OAAO,WAAgB;KAC9B,SAAS,KAAK;KACd,oBAAoB,OAAO,EAAE;IACjC;IACA,cAAc;GACjB;;;;aAED,wBAAC,UAAD;IACI,MAAK;IACL,UAAU,CAAC;IACX,eAAe,SAAS,WAAW,kBAAkB;IACrD,WAAU;cAJd,CAMI,wBAAC,gBAAD,CAAiB;;;;cAAC,gBACd;;;;;WACP;;;;;;CACO;;;;;AAExB",
      "names": [],
      "sources": [
        "C:/Users/MasterDigimon/OneDrive/Documentos/Proyectos/REVATURE TRAINING/T4-FantasyWorldCinema/client/cinema/src/Components/CinemaSearchBar.tsx"
      ],
      "version": 3
    },
    "_coverageSchema": "1a1c01bbd47fc00a2c39e90264f33305004495a9",
    "hash": "4ef7c605cf51ddbc4fa2f9e28c8ef76c29d24917"
  },
  "C:/Users/MasterDigimon/OneDrive/Documentos/Proyectos/REVATURE TRAINING/T4-FantasyWorldCinema/client/cinema/src/api/Movies.ts": {
    "path": "C:/Users/MasterDigimon/OneDrive/Documentos/Proyectos/REVATURE TRAINING/T4-FantasyWorldCinema/client/cinema/src/api/Movies.ts",
    "statementMap": {
      "0": {
        "start": {
          "line": 3,
          "column": 18
        },
        "end": {
          "line": 3,
          "column": 42
        }
      },
      "1": {
        "start": {
          "line": 4,
          "column": 1
        },
        "end": {
          "line": 4,
          "column": 22
        }
      },
      "2": {
        "start": {
          "line": 7,
          "column": 18
        },
        "end": {
          "line": 7,
          "column": 46
        }
      },
      "3": {
        "start": {
          "line": 8,
          "column": 1
        },
        "end": {
          "line": 8,
          "column": 22
        }
      },
      "4": {
        "start": {
          "line": 11,
          "column": 18
        },
        "end": {
          "line": 11,
          "column": 54
        }
      },
      "5": {
        "start": {
          "line": 12,
          "column": 1
        },
        "end": {
          "line": 12,
          "column": 22
        }
      },
      "6": {
        "start": {
          "line": 15,
          "column": 1
        },
        "end": {
          "line": 15,
          "column": 55
        }
      },
      "7": {
        "start": {
          "line": 18,
          "column": 18
        },
        "end": {
          "line": 18,
          "column": 53
        }
      },
      "8": {
        "start": {
          "line": 19,
          "column": 1
        },
        "end": {
          "line": 19,
          "column": 22
        }
      }
    },
    "fnMap": {
      "0": {
        "name": "GetMovies",
        "decl": {
          "start": {
            "line": 2,
            "column": 22
          },
          "end": {
            "line": 2,
            "column": 31
          }
        },
        "loc": {
          "start": {
            "line": 2,
            "column": 34
          },
          "end": {
            "line": 5,
            "column": 1
          }
        },
        "line": 2
      },
      "1": {
        "name": "GetAllMovies",
        "decl": {
          "start": {
            "line": 6,
            "column": 22
          },
          "end": {
            "line": 6,
            "column": 34
          }
        },
        "loc": {
          "start": {
            "line": 6,
            "column": 37
          },
          "end": {
            "line": 9,
            "column": 1
          }
        },
        "line": 6
      },
      "2": {
        "name": "CreateMovie",
        "decl": {
          "start": {
            "line": 10,
            "column": 22
          },
          "end": {
            "line": 10,
            "column": 33
          }
        },
        "loc": {
          "start": {
            "line": 10,
            "column": 45
          },
          "end": {
            "line": 13,
            "column": 1
          }
        },
        "line": 10
      },
      "3": {
        "name": "DeleteMovie",
        "decl": {
          "start": {
            "line": 14,
            "column": 22
          },
          "end": {
            "line": 14,
            "column": 33
          }
        },
        "loc": {
          "start": {
            "line": 14,
            "column": 44
          },
          "end": {
            "line": 16,
            "column": 1
          }
        },
        "line": 14
      },
      "4": {
        "name": "UpdateMovie",
        "decl": {
          "start": {
            "line": 17,
            "column": 22
          },
          "end": {
            "line": 17,
            "column": 33
          }
        },
        "loc": {
          "start": {
            "line": 17,
            "column": 45
          },
          "end": {
            "line": 20,
            "column": 1
          }
        },
        "line": 17
      }
    },
    "branchMap": {},
    "s": {
      "0": 4,
      "1": 4,
      "2": 0,
      "3": 0,
      "4": 0,
      "5": 0,
      "6": 0,
      "7": 0,
      "8": 0
    },
    "f": {
      "0": 4,
      "1": 0,
      "2": 0,
      "3": 0,
      "4": 0
    },
    "b": {},
    "inputSourceMap": {
      "mappings": "AAAA,SAAS,WAAW;AAGpB,OAAO,eAAe,YAAkC;CACpD,MAAM,WAAW,MAAM,IAAI,IAAiB,SAAS;CACrD,OAAO,SAAS;AACpB;AAEA,OAAO,eAAe,eAAqC;CACvD,MAAM,WAAW,MAAM,IAAI,IAAiB,aAAa;CACzD,OAAO,SAAS;AACpB;AAEA,OAAO,eAAe,YAAY,WAAsD;CACpF,MAAM,WAAW,MAAM,IAAI,KAAK,WAAW,SAAS;CACpD,OAAO,SAAS;AACpB;AAEA,OAAO,eAAe,YAAY,UAAiC;CAC/D,MAAM,IAAI,OAAO,WAAW,EACxB,QAAQ,EAAE,SAAS,EACvB,CAAC;AACL;AAEA,OAAO,eAAe,YAAY,WAA0C;CACxE,MAAM,WAAW,MAAM,IAAI,IAAI,WAAW,SAAS;CACnD,OAAO,SAAS;AACpB",
      "names": [],
      "sources": [
        "C:/Users/MasterDigimon/OneDrive/Documentos/Proyectos/REVATURE TRAINING/T4-FantasyWorldCinema/client/cinema/src/api/Movies.ts"
      ],
      "version": 3
    },
    "_coverageSchema": "1a1c01bbd47fc00a2c39e90264f33305004495a9",
    "hash": "26f64fa42ba3c9360297eef0a7b1e8f5743ddde7"
  },
  "C:/Users/MasterDigimon/OneDrive/Documentos/Proyectos/REVATURE TRAINING/T4-FantasyWorldCinema/client/cinema/src/Components/MovieCard.tsx": {
    "path": "C:/Users/MasterDigimon/OneDrive/Documentos/Proyectos/REVATURE TRAINING/T4-FantasyWorldCinema/client/cinema/src/Components/MovieCard.tsx",
    "statementMap": {
      "0": {
        "start": {
          "line": 2,
          "column": 19
        },
        "end": {
          "line": 2,
          "column": 156
        }
      },
      "1": {
        "start": {
          "line": 5,
          "column": 24
        },
        "end": {
          "line": 10,
          "column": 2
        }
      },
      "2": {
        "start": {
          "line": 6,
          "column": 2
        },
        "end": {
          "line": 6,
          "column": 82
        }
      },
      "3": {
        "start": {
          "line": 6,
          "column": 65
        },
        "end": {
          "line": 6,
          "column": 82
        }
      },
      "4": {
        "start": {
          "line": 7,
          "column": 2
        },
        "end": {
          "line": 7,
          "column": 58
        }
      },
      "5": {
        "start": {
          "line": 7,
          "column": 41
        },
        "end": {
          "line": 7,
          "column": 58
        }
      },
      "6": {
        "start": {
          "line": 8,
          "column": 2
        },
        "end": {
          "line": 8,
          "column": 64
        }
      },
      "7": {
        "start": {
          "line": 8,
          "column": 47
        },
        "end": {
          "line": 8,
          "column": 64
        }
      },
      "8": {
        "start": {
          "line": 9,
          "column": 2
        },
        "end": {
          "line": 9,
          "column": 19
        }
      },
      "9": {
        "start": {
          "line": 11,
          "column": 1
        },
        "end": {
          "line": 91,
          "column": 10
        }
      },
      "10": {
        "start": {
          "line": 93,
          "column": 0
        },
        "end": {
          "line": 93,
          "column": 15
        }
      },
      "11": {
        "start": {
          "line": 95,
          "column": 0
        },
        "end": {
          "line": 95,
          "column": 30
        }
      },
      "12": {
        "start": {
          "line": 97,
          "column": 20
        },
        "end": {
          "line": 97,
          "column": 97
        }
      },
      "13": {
        "start": {
          "line": 99,
          "column": 0
        },
        "end": {
          "line": 115,
          "column": 1
        }
      },
      "14": {
        "start": {
          "line": 100,
          "column": 2
        },
        "end": {
          "line": 104,
          "column": 3
        }
      },
      "15": {
        "start": {
          "line": 101,
          "column": 4
        },
        "end": {
          "line": 103,
          "column": 6
        }
      },
      "16": {
        "start": {
          "line": 106,
          "column": 25
        },
        "end": {
          "line": 106,
          "column": 52
        }
      },
      "17": {
        "start": {
          "line": 107,
          "column": 2
        },
        "end": {
          "line": 114,
          "column": 5
[...]
J;;;;;;EAEb;CACJ;CAEA,OACI,wBAAC,gBAAD;EACI,OAAO;GACH,OAAO;IACH,iBAAiB;IACjB,WAAW;IACX,sBAAsB;IACtB,cAAc;IACd,kBAAkB;IAClB,aAAa;IACb,gBAAgB;IAChB,oBAAoB;IACpB,gBAAgB;GACpB;GACA,YAAY;IACR,OAAO;KACH,kBAAkB;KAClB,UAAU;KACV,aAAa;KACb,aAAa;KACb,YAAY;KACZ,sBAAsB;IAC1B;IACA,MAAM;KACF,kBAAkB;KAClB,sBAAsB;IAC1B;IACA,YAAY;KACR,kBAAkB;KAClB,SAAS;KACT,UAAU;IACd;IACA,QAAQ;KACJ,kBAAkB;KAClB,YAAY;IAChB;IACA,aAAa;KACT,kBAAkB;KAClB,SAAS;IACb;GACJ;EACJ;YAEA,wBAAC,OAAD;GAAK,WAAU;aAAf,CAEI,wBAAC,OAAD;IAAK,WAAU;cAAf,CACI,wBAAC,OAAD,aACI,wBAAC,OAAD;KAAO,OAAO;KAAG,WAAU;eAAiD;IAErE;;;;cACP,wBAAC,MAAD;KAAM,WAAU;eAAkB;IAAwC;;;;YACzE;;;;cAEL,wBAAC,OAAD;KAAK,WAAU;eAAf,CAEI,wBAAC,OAAD;MAAK,WAAU;gBACV;OAAC;OAAY;OAAa;OAAc;MAAc,CAAC,CAAC,KAAK,WAC1D,wBAAC,UAAD;OAEI,eAAe,mBAAmB,MAAM;OACxC,WAAW,oGACP,qBAAqB,SACf,sCACA;iBAGT;MACG,GATC;;;;aASD,CACX;KACA;;;;eAEJ,qBAAqB,kBAClB,wBAAC,OAAD;MAAK,WAAU;gBAAf;OACI,wBAAC,YAAD;QACI,OAAO;QACP,WAAW,SAAS,QAAQ,aAAa,IAAI;QAC7C,WAAU;QACV,YAAY;QACZ,QAAO;QACP,YAAY,wBAAC,kBAAD,EAAkB,OAAO,EAAE,OAAO,UAAU,EAAI;;;;;OAC/D;;;;;OACD,wBAAC,MAAD;QAAM,WAAU;kBAAkB;OAAO;;;;;OACzC,wBAAC,YAAD;QACI,OAAO;QACP,WAAW,SAAS,QAAQ,WAAW,IAAI;QAC3C,WAAU;QACV,YAAY;QACZ,QAAO;QACP,YAAY,wBAAC,kBAAD,EAAkB,OAAO,EAAE,OAAO,UAAU,EAAI;;;;;OAC/D;;;;;MACA;;;;;aAER;;;;;YACJ;;;;;aAEL,wBAAC,OAAD;IAAK,WAAU;cAAf;KACI,wBAAC,OAAD;MAAK,WAAU;gBAAf;OACI,wBAAC,MAAD;QAAM;QAAS,WAAU;kBACpB,aAAa,UAAU,wBAAC,MAAD,CAAO;;;;mBAC3B,wBAAC,WAAD;SAAW,OAAO,wBAAC,QAAD;UAAM,WAAU;oBAA4D;SAAmB;;;;;SAAG,OAAO,aAAa;SAAM,WAAW;SAAG,QAAQ,wBAAC,gBAAD,EAAgB,WAAU,iBAAkB;;;;;SAAG,YAAY;UAAE,OAAO;UAAW,UAAU;UAAQ,YAAY;SAAO;QAAI;;;;;OAE9R;;;;;OACN,wBAAC,MAAD;QAAM;QAAS,WAAU;kBACpB,aAAa,UAAU,wBAAC,MAAD,CAAO;;;;mBAC3B,wBAAC,WAAD;SAAW,OAAO,wBAAC,QAAD;UAAM,WAAU;oBAA4D;SAAkB;;;;;SAAG,OAAO,aAAa;SAAM,QAAQ,wBAAC,cAAD,EAAc,WAAU,iBAAkB;;;;;SAAG,YAAY;UAAE,OAAO;UAAW,UAAU;UAAQ,YAAY;SAAO;QAAI;;;;;OAE7Q;;;;;OACN,wBAAC,MAAD;QAAM;QAAS,WAAU;kBACpB,aAAa,UAAU,wBAAC,MAAD,CAAO;;;;mBAC3B,wBAAC,WAAD;SAAW,OAAO,wBAAC,QAAD;UAAM,WAAU;oBAA4D;SAAoB;;;;;SAAG,OAAO,cAAc;SAAM,QAAQ,wBAAC,cAAD,EAAc,WAAU,iBAAkB;;;;;SAAG,YAAY;UAAE,OAAO;UAAW,UAAU;UAAQ,YAAY;SAAO;QAAI;;;;;OAEhR;;;;;MACL;;;;;;KAEL,wBAAC,OAAD;MAAK,WAAU;gBAAf,CACI,wBAAC,OAAD;OAAK,WAAU;iBAAf,CACI,wBAAC,OAAD;QAAK,WAAU;kBAAf,CACI,wBAAC,OAAD;SAAO,OAAO;SAAG,WAAU;mBAA3B,CACI,wBAAC,kBAAD,CAAmB;;;;mBAAC,yBACjB;;;;;kBACP,wBAAC,OAAD;SAAK,WAAU;mBAAf,CACI,wBAAC,MAAD;UAAM,WAAU;oBAAkD;SAAU;;;;mBAC5E,wBAAC,aAAD;UACI,KAAK;UACL,KAAK;UACL,OAAO;UACP,WAAW,QAAQ,OAAO,cAAc,GAAG;UAC3C,WAAU;UACV,UAAU;WACV,QAAQ,wBAAC,YAAD,EAAY,OAAO,EAAE,OAAO,UAAU,EAAI;;;;;WAClD,UAAU,wBAAC,cAAD,EAAc,OAAO,EAAE,OAAO,UAAU,EAAI;;;;;UACtD;SACH;;;;iBACA;;;;;gBACJ;;;;;iBACL,wBAAC,OAAD;QAAK,WAAU;kBACV,WAAW,UAAU,wBAAC,MAAD,EAAM,MAAK,QAAS;;;;mBAAI,WAAW,QACrD,wBAAC,OAAD;SAAO,OAAM;SAAoB,MAAK;SAAQ;SAAS,WAAU;QAAwC;;;;mBAEzG,wBAAC,qBAAD;SAAqB,OAAM;SAAO,QAAO;mBACrC,wBAAC,UAAD;UAAU,MAAM,WAAW;UAAM,QAAQ;WAAE,KAAK;WAAI,OAAO;WAAI,MAAM;WAAG,QAAQ;UAAG;oBAAnF;WACI,wBAAC,eAAD;YAAe,iBAAgB;YAAM,QAAO;YAAU,UAAU;WAAQ;;;;;WACxE,wBAAC,OAAD;YAAO,SAAQ;YAAa,QAAO;YAAU,MAAM;aAAE,MAAM;aAAW,UAAU;YAAG;YAAG,OAAO,CAAC;YAAI,YAAW;YAAM,QAAQ;WAAK;;;;;WAChI,wBAAC,OAAD;YAAO,QAAO;YAAU,MAAM;aAAE,MAAM;aAAW,UAAU;YAAG;WAAI;;;;;WAClE,wBAAC,iBAAD;YAAiB,QAAQ,EAAE,MAAM,0BAA0B;YAAG,cAAc;aAAE,iBAAiB;aAAW,QAAQ;aAAkC,cAAc;aAAO,OAAO;YAAO;YAAG,WAAW;aAAE,OAAO;aAAW,YAAY;YAAO;WAAI;;;;;WAChP,wBAAC,KAAD;YAAK,SAAQ;YAAe,MAAK;YAAc,MAAK;YAAU,QAAQ;aAAC;aAAG;aAAG;aAAG;YAAC;WAAI;;;;;UAC/E;;;;;;QACO;;;;;OAExB;;;;eACJ;;;;;gBAEL,wBAAC,OAAD;OAAK,WAAU;iBAAf,CACI,wBAAC,OAAD;QAAO,OAAO;QAAG,WAAU;kBAA+D;OAEnF;;;;iBACP,wBAAC,OAAD;QAAK,WAAU;kBACV,iBAAiB,UAAU,wBAAC,MAAD,EAAM,MAAK,QAAS;;;;mBAAI,iBAAiB,QACjE,wBAAC,OAAD;SAAO,OAAM;SAAoB,MAAK;SAAQ;SAAS,WAAU;QAAwC;;;;mBAEzG,wBAAC,qBAAD;SAAqB,OAAM;SAAO,QAAO;mBACrC,wBAAC,UAAD;UACI,wBAAC,KAAD;WAAK,MAAM,iBAAiB;WAAM,SAAQ;WAAQ,SAAQ;WAAS,IAAG;WAAM,IAAG;WAAM,aAAa;WAAI,aAAa;WAAK,cAAc;WAAG,QAAO;qBAC3I,iBAAiB,KAAK,KAAK,OAAO,UAC/B,wBAAC,MAAD,EAA4B,MAAM,cAAc,MAAM,WAAW,UAAY,GAAlE,QAAQ;;;;kBAA0D,CAChF;UACA;;;;;UACL,wBAAC,iBAAD,EAAiB,cAAc;WAAE,iBAAiB;WAAW,QAAQ;WAAkC,cAAc;WAAO,OAAO;UAAO,EAAI;;;;;UAC9I,wBAAC,QAAD;WAAQ,eAAc;WAAS,QAAQ;WAAI,cAAc,EAAE,OAAO,UAAU;UAAG;;;;;SACzE;;;;;QACO;;;;;OAExB;;;;eACJ;;;;;cACJ;;;;;;KAEL,wBAAC,OAAD;MAAK,WAAU;gBAAf,CACI,wBAAC,OAAD;OAAK,WAAU;iBAAf,CACI,wBAAC,OAAD;QAAO,OAAO;QAAG,WAAU;kBAA+D;OAEnF;;;;iBACN,YAAY,UAAU,wBAAC,MAAD,EAAM,WAAU,QAAS;;;;kBAAI,YAAY,QAC5D,wBAAC,OAAD;QACI,YAAY;QAAW,SAAS;QAAgB,WAAU;QAC1D,QAAQ,EACJ,WAAW,wBAAC,OAAD;SAAO,OAAM;SAAoB,MAAK;SAAQ;SAAS,WAAU;QAAwC;;;;iBACxH;OACH;;;;kBAED,wBAAC,OAAD;QAAO,YAAY,YAAY;QAAM,SAAS;QAAe,QAAO;QAAW,YAAY;SAAE,UAAU;SAAG,UAAU,CAAC,cAAc;QAAE;QAAG,WAAU;OAAqB;;;;eAE1K;;;;;gBAEL,wBAAC,OAAD;OAAK,WAAU;iBAAf,CACI,wBAAC,OAAD;QAAK,WAAU;kBAAf,CACI,wBAAC,OAAD;SAAO,OAAO;SAAG,WAAU;mBAA3B,CACI,wBAAC,kBAAD,CAAmB;;;;mBAAC,4BACjB;;;;;kBACP,wBAAC,QAAD;SACI,OAAO;SACP,WAAW,UAAU,oBAAoB,KAAK;SAC9C,aAAY;SACZ,WAAU;SACV,SAAS,aAAa;SACtB,UAAU,aAAa,WAAW,aAAa;SAC/C,SAAS,CACL;UAAE,OAAO;UAAM,OAAO;SAAc,GACpC,GAAG,aAAa,KAAK,KAAI,YAAW;UAChC,OAAO,OAAO,aAAc,OAAe;UAC3C,OAAO,OAAO;SAClB,EAAE,CACN;SACA,QAAQ;UACJ,OAAO,EACH,MAAM,EACF,OAAO,QACX,EACJ;UACA,SAAS,EACL,OAAO,QACX;SACJ;QACH;;;;gBACA;;;;;iBAEJ,cAAc,UACX,wBAAC,MAAD,EAAM,WAAU,QAAS;;;;kBACzB,cAAc,SAAS,QAAQ,cAAc,QAC7C,wBAAC,OAAD;QACI,YAAY;QACZ,QAAQ,EACJ,WAAW,wBAAC,OAAD;SAAO,OAAM;SAAoB,MAAK;SAAQ;SAAS,WAAU;QAAwC;;;;iBACxH;QACA,SAAS;QACT,WAAU;OACb;;;;kBAED,wBAAC,OAAD;QACI,YAAY,cAAc;QAC1B,SAAS;QACT,SAAS,WAAW,GAAG,OAAO,WAAW,GAAG,OAAO,WAAW,GAAG,OAAO;QACxE,YAAY;SAAE,UAAU;SAAG,UAAU,CAAC,cAAc;QAAE;QACtD,WAAU;OACb;;;;eAEJ;;;;;cACJ;;;;;;IACJ;;;;;WACJ;;;;;;CACO;;;;;AAExB",
      "names": [],
      "sources": [
        "C:/Users/MasterDigimon/OneDrive/Documentos/Proyectos/REVATURE TRAINING/T4-FantasyWorldCinema/client/cinema/src/views/AdminReports.tsx"
      ],
      "version": 3
    },
    "_coverageSchema": "1a1c01bbd47fc00a2c39e90264f33305004495a9",
    "hash": "ece2883e2c4330936d7c0f6442047cb1c345ae5e"
  },
  "C:/Users/MasterDigimon/OneDrive/Documentos/Proyectos/REVATURE TRAINING/T4-FantasyWorldCinema/client/cinema/src/App.tsx": {
    "path": "C:/Users/MasterDigimon/OneDrive/Documentos/Proyectos/REVATURE TRAINING/T4-FantasyWorldCinema/client/cinema/src/App.tsx",
    "statementMap": {
      "0": {
        "start": {
          "line": 14,
          "column": 19
        },
        "end": {
          "line": 14,
          "column": 139
        }
      },
      "1": {
        "start": {
          "line": 17,
          "column": 1
        },
        "end": {
          "line": 172,
          "column": 10
        }
      },
      "2": {
        "start": {
          "line": 174,
          "column": 0
        },
        "end": {
          "line": 174,
          "column": 16
        }
      },
      "3": {
        "start": {
          "line": 176,
          "column": 1
        },
        "end": {
          "line": 184,
          "column": 10
        }
      },
      "4": {
        "start": {
          "line": 186,
          "column": 0
        },
        "end": {
          "line": 186,
          "column": 10
        }
      },
      "5": {
        "start": {
          "line": 188,
          "column": 0
        },
        "end": {
          "line": 188,
          "column": 31
        }
      },
      "6": {
        "start": {
          "line": 189,
          "column": 0
        },
        "end": {
          "line": 189,
          "column": 25
        }
      },
      "7": {
        "start": {
          "line": 191,
          "column": 20
        },
        "end": {
          "line": 191,
          "column": 97
        }
      },
      "8": {
        "start": {
          "line": 193,
          "column": 0
        },
        "end": {
          "line": 209,
          "column": 1
        }
      },
      "9": {
        "start": {
          "line": 194,
          "column": 2
        },
        "end": {
          "line": 198,
          "column": 3
        }
      },
      "10": {
        "start": {
          "line": 195,
          "column": 4
        },
        "end": {
          "line": 197,
          "column": 6
        }
      },
      "11": {
        "start": {
          "line": 200,
          "column": 25
        },
        "end": {
          "line": 200,
          "column": 52
        }
      },
      "12": {
        "start": {
          "line": 201,
          "column": 2
        },
        "end": {
          "line": 208,
          "column": 5
        }
      },
      "13": {
        "start": {
          "line": 202,
          "column": 4
        },
        "end": {
          "line": 202,
          "column": 188
        }
      },
      "14": {
        "start": {
          "line": 203,
          "column": 4
        },
        "end": {
          "line": 207,
          "column": 7
        }
      },
      "15": {
        "start": {
          "line": 204,
          "column": 6
        },
        "end": {
          "line": 204,
          "column": 31
        }
      },
      "16": {
        "start": {
          "line": 204,
          "column": 24
        },
        "end": {
          "line": 204,
          "column": 31
        }
      },
      "17": {
        "start": {
          "line": 205,
          "column": 32
        },
        "end": {
          "line": 205,
          "column": 237
        }
      },
      "18": {
        "start": {
          "line": 206,
          "column": 6
        },
        "end": {
          "line": 206,
          "column": 75
        }
      },
      "19": {
        "start": {
          "line": 206,
          "column": 29
        },
        "end": {
          "line": 206,
          "column": 75
        }
      },
      "20": {
        "start": {
          "line": 210,
          "column": 34
        },
        "end": {
          "line": 210,
          "column": 204
        }
      },
      "21": {
        "start": {
          "line": 211,
          "column": 26
        },
        "end": {
          "line": 211,
          "column": 86
        }
      }
    },
    "fnMap": {
      "0": {
        "name": "AppContent",
        "decl": {
          "start": {
            "line": 16,
            "column": 16
          },
          "end": {
            "line": 16,
            "column": 26
          }
        },
        "loc": {
          "start": {
            "line": 16,
            "column": 29
          },
          "end": {
            "line": 173,
            "column": 1
          }
        },
        "line": 16
      },
      "1": {
        "name": "App",
        "decl": {
          "start": {
            "line": 175,
            "column": 24
          },
          "end": {
            "line": 175,
            "column": 27
          }
        },
        "loc": {
          "start": {
            "line": 175,
            "column": 30
          },
          "end": {
            "line": 185,
            "column": 1
          }
        },
        "line": 175
      },
      "2": {
        "name": "(anonymous_2)",
        "decl": {
          "start": {
            "line": 201,
            "column": 17
          },
          "end": {
            "line": 201,
            "column": 18
          }
        },
        "loc": {
          "start": {
            "line": 201,
            "column": 23
          },
          "end": {
            "line": 208,
            "column": 3
          }
        },
        "line": 201
      },
      "3": {
        "name": "(anonymous_3)",
        "decl": {
          "start": {
            "line": 203,
            "column": 27
          },
          "end": {
            "line": 203,
            "column": 28
          }
        },
        "loc": {
          "start": {
            "line": 203,
            "column": 44
          },
          "end": {
            "line": 207,
            "column": 5
          }
        },
        "line": 203
      },
      "4": {
        "name": "$RefreshReg$",
        "decl": {
          "start": {
            "line": 210,
            "column": 9
          },
          "end": {
            "line": 210,
            "column": 21
          }
        },
        "loc": {
          "start": {
            "line": 210,
            "column": 32
          },
          "end": {
            "line": 210,
            "column": 206
          }
        },
        "line": 210
      },
      "5": {
        "name": "$RefreshSig$",
        "decl": {
          "start": {
            "line": 211,
            "column": 9
          },
          "end": {
            "line": 211,
            "column": 21
          }
        },
        "loc": {
          "start": {
            "line": 211,
            "column": 24
          },
          "end": {
            "line": 211,
            "column": 88
          }
        },
        "line": 211
      }
    },
    "branchMap": {
      "0": {
        "loc": {
          "start": {
            "line": 191,
            "column": 20
          },
          "end": {
            "line": 191,
            "column": 97
          }
        },
        "type": "binary-expr",
        "locations": [
          {
            "start": {
              "line": 191,
              "column": 20
            },
            "end": {
              "line": 191,
              "column": 60
            }
          },
          {
            "start": {
              "line": 191,
              "column": 64
            },
            "end": {
              "line": 191,
              "column": 97
            }
          }
        ],
        "line": 191
      },
      "1": {
        "loc": {
          "start": {
            "line": 193,
            "column": 0
          },
          "end": {
            "line": 209,
            "column": 1
          }
        },
        "type": "if",
        "locations": [
          {
            "start": {
              "line": 193,
              "column": 0
            },
            "end": {
              "line": 209,
              "column": 1
            }
          },
          {
            "start": {},
            "end": {}
          }
        ],
        "line": 193
      },
      "2": {
        "loc": {
          "start": {
            "line": 193,
            "column": 4
          },
          "end": {
            "line": 193,
            "column": 35
          }
        },
        "type": "binary-expr",
        "locations": [
          {
            "start": {
              "line": 193,
              "column": 4
            },
            "end": {
              "line": 193,
              "column": 19
            }
          },
          {
            "start": {
              "line": 193,
              "column": 23
            },
            "end": {
              "line": 193,
              "column": 35
            }
          }
        ],
        "line": 193
      },
      "3": {
        "loc": {
          "start": {
            "line": 194,
            "column": 2
          },
          "end": {
            "line": 198,
            "column": 3
          }
        },
        "type": "if",
        "locations": [
          {
            "start": {
              "line": 194,
              "column": 2
            },
            "end": {
              "line": 198,
              "column": 3
            }
          },
          {
            "start": {},
            "end": {}
          }
        ],
        "line": 194
      },
      "4": {
        "loc": {
          "start": {
            "line": 204,
            "column": 6
          },
          "end": {
            "line": 204,
            "column": 31
          }
        },
        "type": "if",
        "locations": [
          {
            "start": {
              "line": 204,
              "column": 6
            },
            "end": {
              "line": 204,
              "column": 31
            }
          },
          {
            "start": {},
            "end": {}
          }
        ],
        "line": 204
      },
      "5": {
        "loc": {
          "start": {
            "line": 206,
            "column": 6
          },
          "end": {
            "line": 206,
            "column": 75
          }
        },
        "type": "if",
        "locations": [
          {
            "start": {
              "line": 206,
              "column": 6
            },
            "end": {
              "line": 206,
              "column": 75
            }
          },
          {
            "start": {},
            "end": {}
          }
        ],
        "line": 206
      }
    },
    "s": {
      "0": 2,
      "1": 4,
      "2": 2,
      "3": 4,
      "4": 2,
      "5": 2,
      "6": 2,
      "7": 2,
      "8": 2,
      "9": 2,
      "10": 0,
      "11": 2,
      "12": 2,
      "13": 2,
      "14": 2,
      "15": 0,
      "16": 0,
      "17": 0,
      "18": 0,
      "19": 0,
      "20": 4,
      "21": 0
    },
    "f": {
      "0": 4,
      "1": 4,
      "2": 2,
      "3": 0,
      "4": 4,
      "5": 0
    },
    "b": {
      "0": [
        2,
        0
      ],
      "1": [
        2,
        0
      ],
      "2": [
        2,
        2
      ],
      "3": [
        0,
        2
      ],
      "4": [
        0,
        0
      ],
      "5": [
        0,
        0
      ]
    },
    "inputSourceMap": {
      "mappings": "AAAA,SAAS,eAAe,QAAQ,OAAO,gBAAgB;AACvD,SAAS,oBAAoB;AAC7B,SAAS,oBAAoB;AAC7B,SAAS,wBAAwB;AACjC,SAAS,cAAc;AACvB,SAAS,qBAAqB;AAC9B,SAAS,sBAAsB;AAC/B,SAAS,uBAAuB;AAChC,SAAS,iBAAiB;AAC1B,SAAS,kBAAkB;AAC3B,OAAO;AACP,OAAO;AACP,SAAS,oBAAoB;;;AAE7B,OAAO,SAAS,aAAa;CAE3B,OACI,wBAAC,eAAD,aACE,wBAAC,QAAD,CAAS;;;;WACP,wBAAC,QAAD;EAAM,WAAU;YACd,wBAAC,QAAD;GACE,wBAAC,OAAD;IAAO,MAAK;IAAI,SAAS,wBAAC,UAAD;KAAU,IAAG;KAAQ;IAAS;;;;;GAAI;;;;;GAG3D,wBAAC,OAAD;IAAO,MAAK;IAAQ,SAAS,wBAAC,cAAD,CAAe;;;;;GAAI;;;;;GAChD,wBAAC,OAAD;IAAO,MAAK;IAAoB,SAAS,wBAAC,kBAAD,CAAmB;;;;;GAAI;;;;;GAChE,wBAAC,OAAD;IAAO,MAAK;IAAwB,SAAS,wBAAC,iBAAD,CAAkB;;;;;GAAI;;;;;GACnE,wBAAC,OAAD;IAAO,MAAK;IAAO,SAAS,wBAAC,YAAD,CAAa;;;;;GAAI;;;;;GAG7C,wBAAC,OAAD;IAAO,SAAS,wBAAC,gBAAD,EAAgB,cAAc,CAAC,UAAU,EAAI;;;;;cAC3D,wBAAC,OAAD;KAAO,MAAK;KAAmB,SAAS,wBAAC,WAAD,CAAY;;;;;IAAI;;;;;GACnD;;;;;GAGP,wBAAC,OAAD;IAAO,SAAS,wBAAC,gBAAD,EAAgB,cAAc,CAAC,OAAO,EAAI;;;;;cAA1D,CACE,wBAAC,OAAD;KAAO,MAAK;KAAiB,SAAS,wBAAC,eAAD,CAAgB;;;;;IAAI;;;;cAIxD,wBAAC,OAAD;KAAO,MAAK;KAAiB,SAAS,wBAAC,cAAD,CAAe;;;;;IAAI;;;;YACtD;;;;;;GAGP,wBAAC,OAAD;IAAO,MAAK;IAAI,SAAS,wBAAC,UAAD;KAAU,IAAG;KAAO;IAAS;;;;;GAAI;;;;;EACpD;;;;;CACJ;;;;SACK;;;;;AAErB;;AAEA,eAAe,SAAS,MAAM;CAC5B,OACE,wBAAC,cAAD,YACE,wBAAC,YAAD,CAAa;;;;UACD;;;;;AAElB",
      "names": [],
      "sources": [
        "C:/Users/MasterDigimon/OneDrive/Documentos/Proyectos/REVATURE TRAINING/T4-FantasyWorldCinema/client/cinema/src/App.tsx"
      ],
      "version": 3
    },
    "_coverageSchema": "1a1c01bbd47fc00a2c39e90264f33305004495a9",
    "hash": "926e5900bc8706ab732077b976461240c7cb8631"
  },
  "C:/Users/MasterDigimon/OneDrive/Documentos/Proyectos/REVATURE TRAINING/T4-FantasyWorldCinema/client/cinema/src/main.tsx": {
    "path": "C:/Users/MasterDigimon/OneDrive/Documentos/Proyectos/REVATURE TRAINING/T4-FantasyWorldCinema/client/cinema/src/main.tsx",
    "statementMap": {
      "0": {
        "start": {
          "line": 6,
          "column": 19
        },
        "end": {
          "line": 6,
          "column": 140
        }
      },
      "1": {
        "start": {
          "line": 8,
          "column": 0
        },
        "end": {
          "line": 20,
          "column": 10
        }
      }
    },
    "fnMap": {},
    "branchMap": {},
    "s": {
      "0": 2,
      "1": 2
    },
    "f": {},
    "b": {},
    "inputSourceMap": {
      "mappings": "AAAA,OAAO,WAAW;AAClB,OAAO,cAAc;AACrB,OAAO,SAAS;AAChB,SAAS,oBAAoB;AAC7B,OAAO;;;AAEP,SAAS,WAAW,SAAS,eAAe,MAAM,CAAE,CAAC,CAAC,OACpD,wBAAC,MAAM,YAAP,YACE,wBAAC,cAAD,YACE,wBAAC,KAAD,CAAM;;;;SACM;;;;SACE;;;;QACpB",
      "names": [],
      "sources": [
        "C:/Users/MasterDigimon/OneDrive/Documentos/Proyectos/REVATURE TRAINING/T4-FantasyWorldCinema/client/cinema/src/main.tsx"
      ],
      "version": 3
    },
    "_coverageSchema": "1a1c01bbd47fc00a2c39e90264f33305004495a9",
    "hash": "71a2d3eed74d3c51250091382b58014e38a0a447"
  }
}